{"C:\\Users\\rithi\\OneDrive\\Desktop\\task3\\src\\app.ts": {"path":"C:\\Users\\rithi\\OneDrive\\Desktop\\task3\\src\\app.ts","statementMap":{"0":{"start":{"line":1,"column":0},"end":{"line":1,"column":53}},"1":{"start":{"line":2,"column":0},"end":{"line":2,"column":46}},"2":{"start":{"line":3,"column":0},"end":{"line":3,"column":46}},"3":{"start":{"line":4,"column":0},"end":{"line":4,"column":50}},"4":{"start":{"line":5,"column":0},"end":{"line":5,"column":67}},"5":{"start":{"line":6,"column":0},"end":{"line":6,"column":63}},"6":{"start":{"line":8,"column":0},"end":{"line":8,"column":52}},"7":{"start":{"line":10,"column":12},"end":{"line":10,"column":21}},"8":{"start":{"line":12,"column":0},"end":{"line":12,"column":24}},"9":{"start":{"line":17,"column":0},"end":{"line":17,"column":33}},"10":{"start":{"line":18,"column":0},"end":{"line":18,"column":34}},"11":{"start":{"line":19,"column":0},"end":{"line":19,"column":37}},"12":{"start":{"line":20,"column":0},"end":{"line":20,"column":40}},"13":{"start":{"line":24,"column":0},"end":{"line":34,"column":2}},"14":{"start":{"line":29,"column":4},"end":{"line":32,"column":7}},"15":{"start":{"line":36,"column":0},"end":{"line":36,"column":19}}},"fnMap":{"0":{"name":"(anonymous_1)","decl":{"start":{"line":28,"column":2},"end":{"line":28,"column":3}},"loc":{"start":{"line":28,"column":34},"end":{"line":33,"column":3}}}},"branchMap":{},"s":{"0":10,"1":10,"2":10,"3":10,"4":10,"5":10,"6":10,"7":10,"8":10,"9":10,"10":10,"11":10,"12":10,"13":10,"14":2,"15":10},"f":{"0":2},"b":{}}
,"C:\\Users\\rithi\\OneDrive\\Desktop\\task3\\src\\controllers\\auth.controller.ts": {"path":"C:\\Users\\rithi\\OneDrive\\Desktop\\task3\\src\\controllers\\auth.controller.ts","statementMap":{"0":{"start":{"line":2,"column":0},"end":{"line":2,"column":51}},"1":{"start":{"line":3,"column":0},"end":{"line":3,"column":38}},"2":{"start":{"line":7,"column":24},"end":{"line":21,"column":1}},"3":{"start":{"line":8,"column":2},"end":{"line":20,"column":3}},"4":{"start":{"line":9,"column":38},"end":{"line":9,"column":46}},"5":{"start":{"line":10,"column":19},"end":{"line":10,"column":72}},"6":{"start":{"line":12,"column":4},"end":{"line":15,"column":7}},"7":{"start":{"line":17,"column":4},"end":{"line":19,"column":7}},"8":{"start":{"line":7,"column":13},"end":{"line":7,"column":24}},"9":{"start":{"line":25,"column":21},"end":{"line":40,"column":1}},"10":{"start":{"line":30,"column":2},"end":{"line":39,"column":3}},"11":{"start":{"line":31,"column":32},"end":{"line":31,"column":40}},"12":{"start":{"line":32,"column":19},"end":{"line":32,"column":59}},"13":{"start":{"line":34,"column":4},"end":{"line":36,"column":7}},"14":{"start":{"line":38,"column":4},"end":{"line":38,"column":16}},"15":{"start":{"line":25,"column":13},"end":{"line":25,"column":21}},"16":{"start":{"line":44,"column":28},"end":{"line":56,"column":1}},"17":{"start":{"line":49,"column":2},"end":{"line":55,"column":3}},"18":{"start":{"line":50,"column":18},"end":{"line":50,"column":49}},"19":{"start":{"line":51,"column":19},"end":{"line":51,"column":56}},"20":{"start":{"line":52,"column":4},"end":{"line":52,"column":21}},"21":{"start":{"line":54,"column":4},"end":{"line":54,"column":14}},"22":{"start":{"line":44,"column":13},"end":{"line":44,"column":28}},"23":{"start":{"line":60,"column":30},"end":{"line":71,"column":1}},"24":{"start":{"line":65,"column":2},"end":{"line":70,"column":3}},"25":{"start":{"line":66,"column":20},"end":{"line":66,"column":68}},"26":{"start":{"line":67,"column":4},"end":{"line":67,"column":26}},"27":{"start":{"line":69,"column":4},"end":{"line":69,"column":14}},"28":{"start":{"line":60,"column":13},"end":{"line":60,"column":30}},"29":{"start":{"line":75,"column":29},"end":{"line":87,"column":1}},"30":{"start":{"line":80,"column":2},"end":{"line":86,"column":3}},"31":{"start":{"line":81,"column":32},"end":{"line":81,"column":40}},"32":{"start":{"line":82,"column":20},"end":{"line":82,"column":68}},"33":{"start":{"line":83,"column":4},"end":{"line":83,"column":26}},"34":{"start":{"line":85,"column":4},"end":{"line":85,"column":14}},"35":{"start":{"line":75,"column":13},"end":{"line":75,"column":29}},"36":{"start":{"line":90,"column":28},"end":{"line":114,"column":1}},"37":{"start":{"line":91,"column":2},"end":{"line":113,"column":3}},"38":{"start":{"line":93,"column":4},"end":{"line":95,"column":5}},"39":{"start":{"line":94,"column":6},"end":{"line":94,"column":69}},"40":{"start":{"line":97,"column":17},"end":{"line":97,"column":48}},"41":{"start":{"line":98,"column":4},"end":{"line":100,"column":5}},"42":{"start":{"line":99,"column":6},"end":{"line":99,"column":65}},"43":{"start":{"line":105,"column":6},"end":{"line":105,"column":65}},"44":{"start":{"line":106,"column":4},"end":{"line":106,"column":29}},"45":{"start":{"line":107,"column":4},"end":{"line":107,"column":22}},"46":{"start":{"line":110,"column":4},"end":{"line":110,"column":50}},"47":{"start":{"line":112,"column":4},"end":{"line":112,"column":51}},"48":{"start":{"line":90,"column":13},"end":{"line":90,"column":28}}},"fnMap":{"0":{"name":"(anonymous_1)","decl":{"start":{"line":7,"column":24},"end":{"line":7,"column":29}},"loc":{"start":{"line":7,"column":62},"end":{"line":21,"column":1}}},"1":{"name":"(anonymous_2)","decl":{"start":{"line":25,"column":21},"end":{"line":25,"column":26}},"loc":{"start":{"line":29,"column":4},"end":{"line":40,"column":1}}},"2":{"name":"(anonymous_3)","decl":{"start":{"line":44,"column":28},"end":{"line":44,"column":33}},"loc":{"start":{"line":48,"column":4},"end":{"line":56,"column":1}}},"3":{"name":"(anonymous_4)","decl":{"start":{"line":60,"column":30},"end":{"line":60,"column":35}},"loc":{"start":{"line":64,"column":4},"end":{"line":71,"column":1}}},"4":{"name":"(anonymous_5)","decl":{"start":{"line":75,"column":29},"end":{"line":75,"column":34}},"loc":{"start":{"line":79,"column":4},"end":{"line":87,"column":1}}},"5":{"name":"(anonymous_6)","decl":{"start":{"line":90,"column":28},"end":{"line":90,"column":33}},"loc":{"start":{"line":90,"column":57},"end":{"line":114,"column":1}}}},"branchMap":{"0":{"loc":{"start":{"line":17,"column":15},"end":{"line":17,"column":38}},"type":"binary-expr","locations":[{"start":{"line":17,"column":15},"end":{"line":17,"column":31}},{"start":{"line":17,"column":35},"end":{"line":17,"column":38}}]},"1":{"loc":{"start":{"line":93,"column":4},"end":{"line":95,"column":5}},"type":"if","locations":[{"start":{"line":93,"column":4},"end":{"line":95,"column":5}},{"start":{},"end":{}}]},"2":{"loc":{"start":{"line":98,"column":4},"end":{"line":100,"column":5}},"type":"if","locations":[{"start":{"line":98,"column":4},"end":{"line":100,"column":5}},{"start":{},"end":{}}]},"3":{"loc":{"start":{"line":105,"column":6},"end":{"line":105,"column":65}},"type":"binary-expr","locations":[{"start":{"line":105,"column":6},"end":{"line":105,"column":19}},{"start":{"line":105,"column":23},"end":{"line":105,"column":40}},{"start":{"line":105,"column":44},"end":{"line":105,"column":65}}]}},"s":{"0":10,"1":10,"2":10,"3":5,"4":5,"5":5,"6":3,"7":2,"8":10,"9":10,"10":3,"11":3,"12":3,"13":1,"14":2,"15":10,"16":10,"17":1,"18":1,"19":1,"20":1,"21":0,"22":10,"23":10,"24":1,"25":1,"26":0,"27":1,"28":10,"29":10,"30":1,"31":1,"32":1,"33":0,"34":1,"35":10,"36":10,"37":1,"38":1,"39":0,"40":1,"41":1,"42":0,"43":1,"44":1,"45":1,"46":1,"47":0,"48":10},"f":{"0":5,"1":3,"2":1,"3":1,"4":1,"5":1},"b":{"0":[2,0],"1":[0,1],"2":[0,1],"3":[1,1,1]}}
,"C:\\Users\\rithi\\OneDrive\\Desktop\\task3\\src\\controllers\\task.controller.ts": {"path":"C:\\Users\\rithi\\OneDrive\\Desktop\\task3\\src\\controllers\\task.controller.ts","statementMap":{"0":{"start":{"line":2,"column":0},"end":{"line":2,"column":56}},"1":{"start":{"line":4,"column":0},"end":{"line":4,"column":56}},"2":{"start":{"line":5,"column":0},"end":{"line":5,"column":20}},"3":{"start":{"line":9,"column":26},"end":{"line":25,"column":1}},"4":{"start":{"line":10,"column":2},"end":{"line":24,"column":3}},"5":{"start":{"line":11,"column":17},"end":{"line":11,"column":55}},"6":{"start":{"line":13,"column":4},"end":{"line":16,"column":7}},"7":{"start":{"line":19,"column":23},"end":{"line":19,"column":46}},"8":{"start":{"line":20,"column":4},"end":{"line":23,"column":7}},"9":{"start":{"line":9,"column":13},"end":{"line":9,"column":26}},"10":{"start":{"line":28,"column":33},"end":{"line":47,"column":1}},"11":{"start":{"line":32,"column":2},"end":{"line":46,"column":3}},"12":{"start":{"line":33,"column":26},"end":{"line":33,"column":36}},"13":{"start":{"line":35,"column":18},"end":{"line":35,"column":64}},"14":{"start":{"line":37,"column":4},"end":{"line":40,"column":7}},"15":{"start":{"line":42,"column":4},"end":{"line":45,"column":7}},"16":{"start":{"line":28,"column":13},"end":{"line":28,"column":33}},"17":{"start":{"line":50,"column":26},"end":{"line":69,"column":1}},"18":{"start":{"line":54,"column":2},"end":{"line":68,"column":3}},"19":{"start":{"line":55,"column":23},"end":{"line":55,"column":33}},"20":{"start":{"line":57,"column":24},"end":{"line":57,"column":70}},"21":{"start":{"line":59,"column":4},"end":{"line":62,"column":7}},"22":{"start":{"line":64,"column":4},"end":{"line":67,"column":7}},"23":{"start":{"line":50,"column":13},"end":{"line":50,"column":26}},"24":{"start":{"line":72,"column":32},"end":{"line":95,"column":1}},"25":{"start":{"line":76,"column":2},"end":{"line":94,"column":3}},"26":{"start":{"line":77,"column":23},"end":{"line":77,"column":33}},"27":{"start":{"line":78,"column":23},"end":{"line":78,"column":31}},"28":{"start":{"line":80,"column":24},"end":{"line":82,"column":null}},"29":{"start":{"line":85,"column":4},"end":{"line":88,"column":7}},"30":{"start":{"line":90,"column":4},"end":{"line":93,"column":7}},"31":{"start":{"line":72,"column":13},"end":{"line":72,"column":32}},"32":{"start":{"line":98,"column":26},"end":{"line":117,"column":1}},"33":{"start":{"line":102,"column":2},"end":{"line":116,"column":3}},"34":{"start":{"line":103,"column":23},"end":{"line":103,"column":33}},"35":{"start":{"line":105,"column":4},"end":{"line":105,"column":45}},"36":{"start":{"line":107,"column":4},"end":{"line":110,"column":7}},"37":{"start":{"line":112,"column":4},"end":{"line":115,"column":7}},"38":{"start":{"line":98,"column":13},"end":{"line":98,"column":26}},"39":{"start":{"line":118,"column":27},"end":{"line":132,"column":1}},"40":{"start":{"line":119,"column":2},"end":{"line":131,"column":3}},"41":{"start":{"line":120,"column":18},"end":{"line":120,"column":49}},"42":{"start":{"line":122,"column":4},"end":{"line":125,"column":7}},"43":{"start":{"line":127,"column":4},"end":{"line":130,"column":7}},"44":{"start":{"line":118,"column":13},"end":{"line":118,"column":27}},"45":{"start":{"line":133,"column":32},"end":{"line":154,"column":1}},"46":{"start":{"line":134,"column":2},"end":{"line":153,"column":3}},"47":{"start":{"line":135,"column":4},"end":{"line":140,"column":5}},"48":{"start":{"line":136,"column":6},"end":{"line":139,"column":9}},"49":{"start":{"line":142,"column":17},"end":{"line":142,"column":73}},"50":{"start":{"line":144,"column":4},"end":{"line":147,"column":7}},"51":{"start":{"line":149,"column":4},"end":{"line":152,"column":7}},"52":{"start":{"line":133,"column":13},"end":{"line":133,"column":32}},"53":{"start":{"line":156,"column":34},"end":{"line":185,"column":1}},"54":{"start":{"line":157,"column":2},"end":{"line":184,"column":3}},"55":{"start":{"line":158,"column":23},"end":{"line":160,"column":null}},"56":{"start":{"line":163,"column":4},"end":{"line":167,"column":5}},"57":{"start":{"line":164,"column":6},"end":{"line":166,"column":9}},"58":{"start":{"line":169,"column":4},"end":{"line":169,"column":55}},"59":{"start":{"line":170,"column":4},"end":{"line":173,"column":6}},"60":{"start":{"line":175,"column":19},"end":{"line":175,"column":55}},"61":{"start":{"line":177,"column":4},"end":{"line":179,"column":7}},"62":{"start":{"line":178,"column":6},"end":{"line":178,"column":61}},"63":{"start":{"line":181,"column":4},"end":{"line":181,"column":21}},"64":{"start":{"line":183,"column":4},"end":{"line":183,"column":51}},"65":{"start":{"line":156,"column":13},"end":{"line":156,"column":34}}},"fnMap":{"0":{"name":"(anonymous_10)","decl":{"start":{"line":9,"column":26},"end":{"line":9,"column":31}},"loc":{"start":{"line":9,"column":64},"end":{"line":25,"column":1}}},"1":{"name":"(anonymous_11)","decl":{"start":{"line":28,"column":33},"end":{"line":28,"column":38}},"loc":{"start":{"line":31,"column":4},"end":{"line":47,"column":1}}},"2":{"name":"(anonymous_12)","decl":{"start":{"line":50,"column":26},"end":{"line":50,"column":31}},"loc":{"start":{"line":53,"column":4},"end":{"line":69,"column":1}}},"3":{"name":"(anonymous_13)","decl":{"start":{"line":72,"column":32},"end":{"line":72,"column":37}},"loc":{"start":{"line":75,"column":4},"end":{"line":95,"column":1}}},"4":{"name":"(anonymous_14)","decl":{"start":{"line":98,"column":26},"end":{"line":98,"column":31}},"loc":{"start":{"line":101,"column":4},"end":{"line":117,"column":1}}},"5":{"name":"(anonymous_15)","decl":{"start":{"line":118,"column":27},"end":{"line":118,"column":32}},"loc":{"start":{"line":118,"column":65},"end":{"line":132,"column":1}}},"6":{"name":"(anonymous_16)","decl":{"start":{"line":133,"column":32},"end":{"line":133,"column":37}},"loc":{"start":{"line":133,"column":61},"end":{"line":154,"column":1}}},"7":{"name":"(anonymous_17)","decl":{"start":{"line":156,"column":34},"end":{"line":156,"column":39}},"loc":{"start":{"line":156,"column":63},"end":{"line":185,"column":1}}},"8":{"name":"(anonymous_18)","decl":{"start":{"line":177,"column":23},"end":{"line":177,"column":26}},"loc":{"start":{"line":177,"column":28},"end":{"line":179,"column":5}}}},"branchMap":{"0":{"loc":{"start":{"line":19,"column":23},"end":{"line":19,"column":46}},"type":"binary-expr","locations":[{"start":{"line":19,"column":23},"end":{"line":19,"column":39}},{"start":{"line":19,"column":43},"end":{"line":19,"column":46}}]},"1":{"loc":{"start":{"line":135,"column":4},"end":{"line":140,"column":5}},"type":"if","locations":[{"start":{"line":135,"column":4},"end":{"line":140,"column":5}},{"start":{},"end":{}}]},"2":{"loc":{"start":{"line":163,"column":4},"end":{"line":167,"column":5}},"type":"if","locations":[{"start":{"line":163,"column":4},"end":{"line":167,"column":5}},{"start":{},"end":{}}]}},"s":{"0":10,"1":10,"2":10,"3":10,"4":2,"5":2,"6":2,"7":0,"8":0,"9":10,"10":10,"11":1,"12":1,"13":1,"14":1,"15":0,"16":10,"17":10,"18":1,"19":1,"20":1,"21":1,"22":0,"23":10,"24":10,"25":1,"26":1,"27":1,"28":1,"29":1,"30":0,"31":10,"32":10,"33":1,"34":1,"35":1,"36":1,"37":0,"38":10,"39":10,"40":2,"41":2,"42":2,"43":0,"44":10,"45":10,"46":1,"47":1,"48":0,"49":1,"50":1,"51":0,"52":10,"53":10,"54":0,"55":0,"56":0,"57":0,"58":0,"59":0,"60":0,"61":0,"62":0,"63":0,"64":0,"65":10},"f":{"0":2,"1":1,"2":1,"3":1,"4":1,"5":2,"6":1,"7":0,"8":0},"b":{"0":[0,0],"1":[0,1],"2":[0,0]}}
,"C:\\Users\\rithi\\OneDrive\\Desktop\\task3\\src\\middleware\\auth.middleware.ts": {"path":"C:\\Users\\rithi\\OneDrive\\Desktop\\task3\\src\\middleware\\auth.middleware.ts","statementMap":{"0":{"start":{"line":2,"column":0},"end":{"line":2,"column":31}},"1":{"start":{"line":4,"column":22},"end":{"line":34,"column":1}},"2":{"start":{"line":9,"column":17},"end":{"line":9,"column":42}},"3":{"start":{"line":11,"column":2},"end":{"line":13,"column":3}},"4":{"start":{"line":12,"column":4},"end":{"line":12,"column":66}},"5":{"start":{"line":15,"column":16},"end":{"line":15,"column":36}},"6":{"start":{"line":17,"column":2},"end":{"line":33,"column":3}},"7":{"start":{"line":18,"column":20},"end":{"line":20,"column":null}},"8":{"start":{"line":24,"column":4},"end":{"line":24,"column":46}},"9":{"start":{"line":26,"column":4},"end":{"line":28,"column":5}},"10":{"start":{"line":27,"column":6},"end":{"line":27,"column":72}},"11":{"start":{"line":30,"column":4},"end":{"line":30,"column":11}},"12":{"start":{"line":32,"column":4},"end":{"line":32,"column":62}},"13":{"start":{"line":4,"column":13},"end":{"line":4,"column":22}}},"fnMap":{"0":{"name":"(anonymous_1)","decl":{"start":{"line":4,"column":22},"end":{"line":4,"column":null}},"loc":{"start":{"line":8,"column":4},"end":{"line":34,"column":1}}}},"branchMap":{"0":{"loc":{"start":{"line":11,"column":2},"end":{"line":13,"column":3}},"type":"if","locations":[{"start":{"line":11,"column":2},"end":{"line":13,"column":3}},{"start":{},"end":{}}]},"1":{"loc":{"start":{"line":20,"column":6},"end":{"line":20,"column":44}},"type":"binary-expr","locations":[{"start":{"line":20,"column":6},"end":{"line":20,"column":28}},{"start":{"line":20,"column":32},"end":{"line":20,"column":44}}]},"2":{"loc":{"start":{"line":24,"column":17},"end":{"line":24,"column":45}},"type":"binary-expr","locations":[{"start":{"line":24,"column":17},"end":{"line":24,"column":31}},{"start":{"line":24,"column":35},"end":{"line":24,"column":45}}]},"3":{"loc":{"start":{"line":26,"column":4},"end":{"line":28,"column":5}},"type":"if","locations":[{"start":{"line":26,"column":4},"end":{"line":28,"column":5}},{"start":{},"end":{}}]}},"s":{"0":11,"1":11,"2":12,"3":12,"4":5,"5":7,"6":7,"7":7,"8":5,"9":5,"10":0,"11":5,"12":2,"13":11},"f":{"0":12},"b":{"0":[5,7],"1":[7,7],"2":[5,1],"3":[0,5]}}
,"C:\\Users\\rithi\\OneDrive\\Desktop\\task3\\src\\middleware\\errorHandler.ts": {"path":"C:\\Users\\rithi\\OneDrive\\Desktop\\task3\\src\\middleware\\errorHandler.ts","statementMap":{"0":{"start":{"line":4,"column":28},"end":{"line":67,"column":1}},"1":{"start":{"line":10,"column":19},"end":{"line":10,"column":40}},"2":{"start":{"line":11,"column":16},"end":{"line":11,"column":54}},"3":{"start":{"line":12,"column":15},"end":{"line":12,"column":33}},"4":{"start":{"line":15,"column":2},"end":{"line":18,"column":3}},"5":{"start":{"line":16,"column":4},"end":{"line":16,"column":21}},"6":{"start":{"line":17,"column":4},"end":{"line":17,"column":66}},"7":{"start":{"line":17,"column":55},"end":{"line":17,"column":64}},"8":{"start":{"line":21,"column":2},"end":{"line":24,"column":3}},"9":{"start":{"line":22,"column":4},"end":{"line":22,"column":21}},"10":{"start":{"line":23,"column":4},"end":{"line":23,"column":34}},"11":{"start":{"line":27,"column":2},"end":{"line":31,"column":3}},"12":{"start":{"line":28,"column":4},"end":{"line":28,"column":21}},"13":{"start":{"line":29,"column":18},"end":{"line":29,"column":46}},"14":{"start":{"line":30,"column":4},"end":{"line":30,"column":40}},"15":{"start":{"line":34,"column":2},"end":{"line":37,"column":3}},"16":{"start":{"line":35,"column":4},"end":{"line":35,"column":21}},"17":{"start":{"line":36,"column":4},"end":{"line":36,"column":30}},"18":{"start":{"line":39,"column":2},"end":{"line":42,"column":3}},"19":{"start":{"line":40,"column":4},"end":{"line":40,"column":21}},"20":{"start":{"line":41,"column":4},"end":{"line":41,"column":30}},"21":{"start":{"line":45,"column":2},"end":{"line":53,"column":3}},"22":{"start":{"line":46,"column":4},"end":{"line":46,"column":21}},"23":{"start":{"line":48,"column":4},"end":{"line":52,"column":5}},"24":{"start":{"line":49,"column":6},"end":{"line":49,"column":50}},"25":{"start":{"line":51,"column":6},"end":{"line":51,"column":47}},"26":{"start":{"line":56,"column":2},"end":{"line":59,"column":3}},"27":{"start":{"line":57,"column":4},"end":{"line":57,"column":21}},"28":{"start":{"line":58,"column":4},"end":{"line":58,"column":34}},"29":{"start":{"line":61,"column":2},"end":{"line":66,"column":5}},"30":{"start":{"line":4,"column":13},"end":{"line":4,"column":28}}},"fnMap":{"0":{"name":"(anonymous_0)","decl":{"start":{"line":4,"column":28},"end":{"line":4,"column":null}},"loc":{"start":{"line":9,"column":4},"end":{"line":67,"column":1}}},"1":{"name":"(anonymous_1)","decl":{"start":{"line":17,"column":43},"end":{"line":17,"column":44}},"loc":{"start":{"line":17,"column":55},"end":{"line":17,"column":64}}}},"branchMap":{"0":{"loc":{"start":{"line":10,"column":19},"end":{"line":10,"column":40}},"type":"binary-expr","locations":[{"start":{"line":10,"column":19},"end":{"line":10,"column":33}},{"start":{"line":10,"column":37},"end":{"line":10,"column":40}}]},"1":{"loc":{"start":{"line":11,"column":16},"end":{"line":11,"column":54}},"type":"binary-expr","locations":[{"start":{"line":11,"column":16},"end":{"line":11,"column":27}},{"start":{"line":11,"column":31},"end":{"line":11,"column":54}}]},"2":{"loc":{"start":{"line":12,"column":15},"end":{"line":12,"column":33}},"type":"binary-expr","locations":[{"start":{"line":12,"column":15},"end":{"line":12,"column":25}},{"start":{"line":12,"column":29},"end":{"line":12,"column":33}}]},"3":{"loc":{"start":{"line":15,"column":2},"end":{"line":18,"column":3}},"type":"if","locations":[{"start":{"line":15,"column":2},"end":{"line":18,"column":3}},{"start":{},"end":{}}]},"4":{"loc":{"start":{"line":21,"column":2},"end":{"line":24,"column":3}},"type":"if","locations":[{"start":{"line":21,"column":2},"end":{"line":24,"column":3}},{"start":{},"end":{}}]},"5":{"loc":{"start":{"line":27,"column":2},"end":{"line":31,"column":3}},"type":"if","locations":[{"start":{"line":27,"column":2},"end":{"line":31,"column":3}},{"start":{},"end":{}}]},"6":{"loc":{"start":{"line":34,"column":2},"end":{"line":37,"column":3}},"type":"if","locations":[{"start":{"line":34,"column":2},"end":{"line":37,"column":3}},{"start":{},"end":{}}]},"7":{"loc":{"start":{"line":39,"column":2},"end":{"line":42,"column":3}},"type":"if","locations":[{"start":{"line":39,"column":2},"end":{"line":42,"column":3}},{"start":{},"end":{}}]},"8":{"loc":{"start":{"line":45,"column":2},"end":{"line":53,"column":3}},"type":"if","locations":[{"start":{"line":45,"column":2},"end":{"line":53,"column":3}},{"start":{},"end":{}}]},"9":{"loc":{"start":{"line":48,"column":4},"end":{"line":52,"column":5}},"type":"if","locations":[{"start":{"line":48,"column":4},"end":{"line":52,"column":5}},{"start":{"line":50,"column":11},"end":{"line":52,"column":5}}]},"10":{"loc":{"start":{"line":51,"column":16},"end":{"line":51,"column":46}},"type":"binary-expr","locations":[{"start":{"line":51,"column":16},"end":{"line":51,"column":27}},{"start":{"line":51,"column":31},"end":{"line":51,"column":46}}]},"11":{"loc":{"start":{"line":56,"column":2},"end":{"line":59,"column":3}},"type":"if","locations":[{"start":{"line":56,"column":2},"end":{"line":59,"column":3}},{"start":{},"end":{}}]},"12":{"loc":{"start":{"line":65,"column":11},"end":{"line":65,"column":73}},"type":"cond-expr","locations":[{"start":{"line":65,"column":52},"end":{"line":65,"column":61}},{"start":{"line":65,"column":64},"end":{"line":65,"column":73}}]}},"s":{"0":2,"1":15,"2":15,"3":15,"4":15,"5":2,"6":2,"7":3,"8":15,"9":3,"10":3,"11":15,"12":4,"13":4,"14":4,"15":15,"16":2,"17":2,"18":15,"19":2,"20":2,"21":15,"22":1,"23":1,"24":1,"25":0,"26":15,"27":1,"28":1,"29":15,"30":2},"f":{"0":15,"1":3},"b":{"0":[15,15],"1":[15,14],"2":[15,13],"3":[2,13],"4":[3,12],"5":[4,11],"6":[2,13],"7":[2,13],"8":[1,14],"9":[1,0],"10":[0,0],"11":[1,14],"12":[0,15]}}
,"C:\\Users\\rithi\\OneDrive\\Desktop\\task3\\src\\middleware\\multerWrapper.ts": {"path":"C:\\Users\\rithi\\OneDrive\\Desktop\\task3\\src\\middleware\\multerWrapper.ts","statementMap":{"0":{"start":{"line":2,"column":0},"end":{"line":2,"column":45}},"1":{"start":{"line":7,"column":28},"end":{"line":19,"column":1}},"2":{"start":{"line":8,"column":2},"end":{"line":18,"column":4}},"3":{"start":{"line":9,"column":4},"end":{"line":17,"column":7}},"4":{"start":{"line":10,"column":6},"end":{"line":15,"column":7}},"5":{"start":{"line":11,"column":8},"end":{"line":14,"column":11}},"6":{"start":{"line":16,"column":6},"end":{"line":16,"column":13}},"7":{"start":{"line":7,"column":13},"end":{"line":7,"column":28}}},"fnMap":{"0":{"name":"(anonymous_0)","decl":{"start":{"line":7,"column":28},"end":{"line":7,"column":29}},"loc":{"start":{"line":7,"column":50},"end":{"line":19,"column":1}}},"1":{"name":"(anonymous_1)","decl":{"start":{"line":8,"column":9},"end":{"line":8,"column":10}},"loc":{"start":{"line":8,"column":61},"end":{"line":18,"column":3}}},"2":{"name":"(anonymous_2)","decl":{"start":{"line":9,"column":39},"end":{"line":9,"column":40}},"loc":{"start":{"line":9,"column":52},"end":{"line":17,"column":5}}}},"branchMap":{"0":{"loc":{"start":{"line":10,"column":6},"end":{"line":15,"column":7}},"type":"if","locations":[{"start":{"line":10,"column":6},"end":{"line":15,"column":7}},{"start":{},"end":{}}]}},"s":{"0":11,"1":11,"2":22,"3":4,"4":4,"5":1,"6":3,"7":11},"f":{"0":22,"1":4,"2":4},"b":{"0":[1,3]}}
,"C:\\Users\\rithi\\OneDrive\\Desktop\\task3\\src\\middleware\\role.middleware.ts": {"path":"C:\\Users\\rithi\\OneDrive\\Desktop\\task3\\src\\middleware\\role.middleware.ts","statementMap":{"0":{"start":{"line":3,"column":23},"end":{"line":15,"column":1}},"1":{"start":{"line":8,"column":2},"end":{"line":10,"column":3}},"2":{"start":{"line":9,"column":4},"end":{"line":9,"column":18}},"3":{"start":{"line":12,"column":2},"end":{"line":14,"column":5}},"4":{"start":{"line":3,"column":13},"end":{"line":3,"column":23}}},"fnMap":{"0":{"name":"(anonymous_0)","decl":{"start":{"line":3,"column":23},"end":{"line":3,"column":null}},"loc":{"start":{"line":7,"column":4},"end":{"line":15,"column":1}}}},"branchMap":{"0":{"loc":{"start":{"line":8,"column":2},"end":{"line":10,"column":3}},"type":"if","locations":[{"start":{"line":8,"column":2},"end":{"line":10,"column":3}},{"start":{},"end":{}}]}},"s":{"0":1,"1":2,"2":1,"3":1,"4":1},"f":{"0":2},"b":{"0":[1,1]}}
,"C:\\Users\\rithi\\OneDrive\\Desktop\\task3\\src\\middleware\\upload.middleware.ts": {"path":"C:\\Users\\rithi\\OneDrive\\Desktop\\task3\\src\\middleware\\upload.middleware.ts","statementMap":{"0":{"start":{"line":1,"column":0},"end":{"line":1,"column":28}},"1":{"start":{"line":2,"column":0},"end":{"line":2,"column":24}},"2":{"start":{"line":3,"column":0},"end":{"line":3,"column":20}},"3":{"start":{"line":5,"column":18},"end":{"line":5,"column":55}},"4":{"start":{"line":7,"column":0},"end":{"line":9,"column":1}},"5":{"start":{"line":8,"column":2},"end":{"line":8,"column":47}},"6":{"start":{"line":13,"column":2},"end":{"line":23,"column":8}},"7":{"start":{"line":17,"column":10},"end":{"line":17,"column":30}},"8":{"start":{"line":20,"column":29},"end":{"line":20,"column":65}},"9":{"start":{"line":21,"column":10},"end":{"line":21,"column":31}},"10":{"start":{"line":25,"column":13},"end":{"line":28,"column":3}}},"fnMap":{"0":{"name":"(anonymous_1)","decl":{"start":{"line":16,"column":21},"end":{"line":16,"column":22}},"loc":{"start":{"line":16,"column":41},"end":{"line":18,"column":9}}},"1":{"name":"(anonymous_2)","decl":{"start":{"line":19,"column":18},"end":{"line":19,"column":19}},"loc":{"start":{"line":19,"column":37},"end":{"line":22,"column":9}}}},"branchMap":{"0":{"loc":{"start":{"line":7,"column":0},"end":{"line":9,"column":1}},"type":"if","locations":[{"start":{"line":7,"column":0},"end":{"line":9,"column":1}},{"start":{},"end":{}}]},"1":{"loc":{"start":{"line":13,"column":2},"end":{"line":23,"column":8}},"type":"cond-expr","locations":[{"start":{"line":14,"column":6},"end":{"line":14,"column":28}},{"start":{"line":15,"column":6},"end":{"line":23,"column":8}}]}},"s":{"0":11,"1":11,"2":11,"3":11,"4":11,"5":0,"6":11,"7":0,"8":0,"9":0,"10":11},"f":{"0":0,"1":0},"b":{"0":[0,11],"1":[11,0]}}
,"C:\\Users\\rithi\\OneDrive\\Desktop\\task3\\src\\middleware\\validateRequest.ts": {"path":"C:\\Users\\rithi\\OneDrive\\Desktop\\task3\\src\\middleware\\validateRequest.ts","statementMap":{"0":{"start":{"line":2,"column":0},"end":{"line":2,"column":53}},"1":{"start":{"line":3,"column":0},"end":{"line":3,"column":45}},"2":{"start":{"line":5,"column":31},"end":{"line":15,"column":1}},"3":{"start":{"line":10,"column":17},"end":{"line":10,"column":38}},"4":{"start":{"line":11,"column":2},"end":{"line":13,"column":3}},"5":{"start":{"line":12,"column":4},"end":{"line":12,"column":72}},"6":{"start":{"line":14,"column":2},"end":{"line":14,"column":9}},"7":{"start":{"line":5,"column":13},"end":{"line":5,"column":31}}},"fnMap":{"0":{"name":"(anonymous_0)","decl":{"start":{"line":5,"column":31},"end":{"line":5,"column":null}},"loc":{"start":{"line":9,"column":4},"end":{"line":15,"column":1}}}},"branchMap":{"0":{"loc":{"start":{"line":11,"column":2},"end":{"line":13,"column":3}},"type":"if","locations":[{"start":{"line":11,"column":2},"end":{"line":13,"column":3}},{"start":{},"end":{}}]}},"s":{"0":11,"1":11,"2":11,"3":11,"4":11,"5":6,"6":5,"7":11},"f":{"0":11},"b":{"0":[6,5]}}
,"C:\\Users\\rithi\\OneDrive\\Desktop\\task3\\src\\models\\Project.ts": {"path":"C:\\Users\\rithi\\OneDrive\\Desktop\\task3\\src\\models\\Project.ts","statementMap":{"0":{"start":{"line":1,"column":0},"end":{"line":1,"column":32}},"1":{"start":{"line":11,"column":22},"end":{"line":41,"column":null}},"2":{"start":{"line":44,"column":13},"end":{"line":45,"column":70}}},"fnMap":{},"branchMap":{"0":{"loc":{"start":{"line":45,"column":2},"end":{"line":45,"column":69}},"type":"binary-expr","locations":[{"start":{"line":45,"column":2},"end":{"line":45,"column":25}},{"start":{"line":45,"column":29},"end":{"line":45,"column":69}}]}},"s":{"0":11,"1":11,"2":11},"f":{},"b":{"0":[11,11]}}
,"C:\\Users\\rithi\\OneDrive\\Desktop\\task3\\src\\models\\Task.ts": {"path":"C:\\Users\\rithi\\OneDrive\\Desktop\\task3\\src\\models\\Task.ts","statementMap":{"0":{"start":{"line":1,"column":0},"end":{"line":1,"column":32}},"1":{"start":{"line":3,"column":0},"end":{"line":3,"column":null}},"2":{"start":{"line":4,"column":2},"end":{"line":4,"column":null}},"3":{"start":{"line":5,"column":2},"end":{"line":5,"column":null}},"4":{"start":{"line":6,"column":2},"end":{"line":6,"column":null}},"5":{"start":{"line":9,"column":25},"end":{"line":14,"column":2}},"6":{"start":{"line":28,"column":19},"end":{"line":50,"column":null}},"7":{"start":{"line":53,"column":13},"end":{"line":53,"column":79}}},"fnMap":{"0":{"name":"(anonymous_1)","decl":{"start":{"line":3,"column":0},"end":{"line":3,"column":12}},"loc":{"start":{"line":3,"column":22},"end":{"line":7,"column":1}}}},"branchMap":{"0":{"loc":{"start":{"line":3,"column":12},"end":{"line":3,"column":null}},"type":"binary-expr","locations":[{"start":{"line":3,"column":12},"end":{"line":3,"column":22}},{"start":{"line":3,"column":22},"end":{"line":3,"column":null}}]},"1":{"loc":{"start":{"line":53,"column":20},"end":{"line":53,"column":78}},"type":"binary-expr","locations":[{"start":{"line":53,"column":20},"end":{"line":53,"column":40}},{"start":{"line":53,"column":44},"end":{"line":53,"column":78}}]}},"s":{"0":12,"1":12,"2":12,"3":12,"4":12,"5":12,"6":12,"7":12},"f":{"0":12},"b":{"0":[12,12],"1":[12,12]}}
,"C:\\Users\\rithi\\OneDrive\\Desktop\\task3\\src\\models\\User.ts": {"path":"C:\\Users\\rithi\\OneDrive\\Desktop\\task3\\src\\models\\User.ts","statementMap":{"0":{"start":{"line":1,"column":0},"end":{"line":1,"column":32}},"1":{"start":{"line":2,"column":0},"end":{"line":2,"column":30}},"2":{"start":{"line":3,"column":0},"end":{"line":3,"column":28}},"3":{"start":{"line":18,"column":19},"end":{"line":46,"column":null}},"4":{"start":{"line":52,"column":0},"end":{"line":57,"column":3}},"5":{"start":{"line":53,"column":2},"end":{"line":53,"column":43}},"6":{"start":{"line":53,"column":36},"end":{"line":53,"column":43}},"7":{"start":{"line":55,"column":15},"end":{"line":55,"column":39}},"8":{"start":{"line":56,"column":2},"end":{"line":56,"column":57}},"9":{"start":{"line":62,"column":0},"end":{"line":67,"column":2}},"10":{"start":{"line":65,"column":15},"end":{"line":65,"column":55}},"11":{"start":{"line":66,"column":2},"end":{"line":66,"column":50}},"12":{"start":{"line":72,"column":0},"end":{"line":81,"column":2}},"13":{"start":{"line":73,"column":15},"end":{"line":73,"column":55}},"14":{"start":{"line":75,"column":16},"end":{"line":75,"column":54}},"15":{"start":{"line":77,"column":2},"end":{"line":77,"column":26}},"16":{"start":{"line":78,"column":2},"end":{"line":78,"column":61}},"17":{"start":{"line":80,"column":2},"end":{"line":80,"column":15}},"18":{"start":{"line":83,"column":13},"end":{"line":83,"column":79}}},"fnMap":{"0":{"name":"(anonymous_1)","decl":{"start":{"line":52,"column":23},"end":{"line":52,"column":28}},"loc":{"start":{"line":52,"column":28},"end":{"line":57,"column":1}}},"1":{"name":"(anonymous_2)","decl":{"start":{"line":62,"column":37},"end":{"line":62,"column":42}},"loc":{"start":{"line":63,"column":19},"end":{"line":67,"column":1}}},"2":{"name":"(anonymous_3)","decl":{"start":{"line":72,"column":40},"end":{"line":72,"column":null}},"loc":{"start":{"line":72,"column":40},"end":{"line":81,"column":1}}}},"branchMap":{"0":{"loc":{"start":{"line":53,"column":2},"end":{"line":53,"column":43}},"type":"if","locations":[{"start":{"line":53,"column":2},"end":{"line":53,"column":43}},{"start":{},"end":{}}]},"1":{"loc":{"start":{"line":83,"column":20},"end":{"line":83,"column":78}},"type":"binary-expr","locations":[{"start":{"line":83,"column":20},"end":{"line":83,"column":40}},{"start":{"line":83,"column":44},"end":{"line":83,"column":78}}]}},"s":{"0":12,"1":12,"2":12,"3":12,"4":12,"5":18,"6":1,"7":17,"8":17,"9":12,"10":1,"11":1,"12":12,"13":1,"14":1,"15":1,"16":1,"17":1,"18":12},"f":{"0":18,"1":1,"2":1},"b":{"0":[1,17],"1":[12,12]}}
,"C:\\Users\\rithi\\OneDrive\\Desktop\\task3\\src\\routes\\auth.routes.ts": {"path":"C:\\Users\\rithi\\OneDrive\\Desktop\\task3\\src\\routes\\auth.routes.ts","statementMap":{"0":{"start":{"line":1,"column":0},"end":{"line":1,"column":33}},"1":{"start":{"line":2,"column":0},"end":{"line":2,"column":65}},"2":{"start":{"line":3,"column":0},"end":{"line":3,"column":55}},"3":{"start":{"line":4,"column":0},"end":{"line":4,"column":59}},"4":{"start":{"line":6,"column":15},"end":{"line":6,"column":23}},"5":{"start":{"line":8,"column":0},"end":{"line":8,"column":48}},"6":{"start":{"line":9,"column":0},"end":{"line":9,"column":44}},"7":{"start":{"line":10,"column":0},"end":{"line":10,"column":53}},"8":{"start":{"line":11,"column":0},"end":{"line":11,"column":54}},"9":{"start":{"line":12,"column":0},"end":{"line":12,"column":52}},"10":{"start":{"line":14,"column":0},"end":{"line":19,"column":2}},"11":{"start":{"line":21,"column":0},"end":{"line":21,"column":22}}},"fnMap":{},"branchMap":{},"s":{"0":10,"1":10,"2":10,"3":10,"4":10,"5":10,"6":10,"7":10,"8":10,"9":10,"10":10,"11":10},"f":{},"b":{}}
,"C:\\Users\\rithi\\OneDrive\\Desktop\\task3\\src\\routes\\health.routes.ts": {"path":"C:\\Users\\rithi\\OneDrive\\Desktop\\task3\\src\\routes\\health.routes.ts","statementMap":{"0":{"start":{"line":1,"column":0},"end":{"line":1,"column":33}},"1":{"start":{"line":3,"column":15},"end":{"line":3,"column":23}},"2":{"start":{"line":5,"column":0},"end":{"line":11,"column":3}},"3":{"start":{"line":6,"column":2},"end":{"line":10,"column":5}},"4":{"start":{"line":13,"column":0},"end":{"line":13,"column":22}}},"fnMap":{"0":{"name":"(anonymous_0)","decl":{"start":{"line":5,"column":16},"end":{"line":5,"column":17}},"loc":{"start":{"line":5,"column":29},"end":{"line":11,"column":1}}}},"branchMap":{},"s":{"0":10,"1":10,"2":10,"3":1,"4":10},"f":{"0":1},"b":{}}
,"C:\\Users\\rithi\\OneDrive\\Desktop\\task3\\src\\routes\\project.routes.ts": {"path":"C:\\Users\\rithi\\OneDrive\\Desktop\\task3\\src\\routes\\project.routes.ts","statementMap":{"0":{"start":{"line":1,"column":0},"end":{"line":1,"column":33}},"1":{"start":{"line":2,"column":0},"end":{"line":2,"column":64}},"2":{"start":{"line":3,"column":0},"end":{"line":3,"column":54}},"3":{"start":{"line":5,"column":15},"end":{"line":5,"column":23}},"4":{"start":{"line":7,"column":0},"end":{"line":14,"column":3}},"5":{"start":{"line":8,"column":17},"end":{"line":8,"column":59}},"6":{"start":{"line":10,"column":2},"end":{"line":10,"column":51}},"7":{"start":{"line":11,"column":2},"end":{"line":11,"column":74}},"8":{"start":{"line":13,"column":2},"end":{"line":13,"column":19}},"9":{"start":{"line":16,"column":0},"end":{"line":25,"column":3}},"10":{"start":{"line":17,"column":2},"end":{"line":24,"column":3}},"11":{"start":{"line":18,"column":16},"end":{"line":18,"column":48}},"12":{"start":{"line":20,"column":4},"end":{"line":20,"column":46}},"13":{"start":{"line":21,"column":4},"end":{"line":21,"column":75}},"14":{"start":{"line":23,"column":4},"end":{"line":23,"column":18}},"15":{"start":{"line":27,"column":0},"end":{"line":27,"column":22}}},"fnMap":{"0":{"name":"(anonymous_0)","decl":{"start":{"line":7,"column":26},"end":{"line":7,"column":31}},"loc":{"start":{"line":7,"column":45},"end":{"line":14,"column":1}}},"1":{"name":"(anonymous_1)","decl":{"start":{"line":16,"column":26},"end":{"line":16,"column":31}},"loc":{"start":{"line":16,"column":45},"end":{"line":25,"column":1}}}},"branchMap":{"0":{"loc":{"start":{"line":17,"column":2},"end":{"line":24,"column":3}},"type":"if","locations":[{"start":{"line":17,"column":2},"end":{"line":24,"column":3}},{"start":{},"end":{}}]}},"s":{"0":10,"1":10,"2":10,"3":10,"4":10,"5":0,"6":0,"7":0,"8":0,"9":10,"10":0,"11":0,"12":0,"13":0,"14":0,"15":10},"f":{"0":0,"1":0},"b":{"0":[0,0]}}
,"C:\\Users\\rithi\\OneDrive\\Desktop\\task3\\src\\routes\\task.routes.ts": {"path":"C:\\Users\\rithi\\OneDrive\\Desktop\\task3\\src\\routes\\task.routes.ts","statementMap":{"0":{"start":{"line":1,"column":0},"end":{"line":1,"column":33}},"1":{"start":{"line":2,"column":0},"end":{"line":2,"column":65}},"2":{"start":{"line":3,"column":0},"end":{"line":3,"column":55}},"3":{"start":{"line":4,"column":0},"end":{"line":4,"column":59}},"4":{"start":{"line":6,"column":0},"end":{"line":6,"column":64}},"5":{"start":{"line":7,"column":0},"end":{"line":7,"column":68}},"6":{"start":{"line":9,"column":15},"end":{"line":9,"column":23}},"7":{"start":{"line":12,"column":0},"end":{"line":12,"column":52}},"8":{"start":{"line":15,"column":0},"end":{"line":20,"column":2}},"9":{"start":{"line":22,"column":0},"end":{"line":22,"column":68}},"10":{"start":{"line":23,"column":0},"end":{"line":23,"column":50}},"11":{"start":{"line":24,"column":0},"end":{"line":24,"column":65}},"12":{"start":{"line":25,"column":0},"end":{"line":25,"column":53}},"13":{"start":{"line":28,"column":0},"end":{"line":33,"column":2}},"14":{"start":{"line":34,"column":0},"end":{"line":34,"column":80}},"15":{"start":{"line":36,"column":0},"end":{"line":36,"column":22}}},"fnMap":{},"branchMap":{},"s":{"0":10,"1":10,"2":10,"3":10,"4":10,"5":10,"6":10,"7":10,"8":10,"9":10,"10":10,"11":10,"12":10,"13":10,"14":10,"15":10},"f":{},"b":{}}
,"C:\\Users\\rithi\\OneDrive\\Desktop\\task3\\src\\services\\auth.service.ts": {"path":"C:\\Users\\rithi\\OneDrive\\Desktop\\task3\\src\\services\\auth.service.ts","statementMap":{"0":{"start":{"line":1,"column":0},"end":{"line":1,"column":38}},"1":{"start":{"line":2,"column":0},"end":{"line":2,"column":30}},"2":{"start":{"line":3,"column":0},"end":{"line":3,"column":28}},"3":{"start":{"line":4,"column":0},"end":{"line":4,"column":null}},"4":{"start":{"line":9,"column":0},"end":{"line":9,"column":45}},"5":{"start":{"line":14,"column":21},"end":{"line":14,"column":62}},"6":{"start":{"line":16,"column":4},"end":{"line":18,"column":5}},"7":{"start":{"line":17,"column":6},"end":{"line":17,"column":53}},"8":{"start":{"line":20,"column":19},"end":{"line":20,"column":55}},"9":{"start":{"line":22,"column":17},"end":{"line":26,"column":6}},"10":{"start":{"line":28,"column":24},"end":{"line":28,"column":70}},"11":{"start":{"line":29,"column":25},"end":{"line":29,"column":78}},"12":{"start":{"line":31,"column":4},"end":{"line":35,"column":6}},"13":{"start":{"line":39,"column":17},"end":{"line":39,"column":46}},"14":{"start":{"line":41,"column":4},"end":{"line":43,"column":5}},"15":{"start":{"line":42,"column":6},"end":{"line":42,"column":53}},"16":{"start":{"line":45,"column":18},"end":{"line":45,"column":63}},"17":{"start":{"line":47,"column":4},"end":{"line":49,"column":5}},"18":{"start":{"line":48,"column":6},"end":{"line":48,"column":53}},"19":{"start":{"line":51,"column":24},"end":{"line":51,"column":70}},"20":{"start":{"line":52,"column":25},"end":{"line":52,"column":78}},"21":{"start":{"line":54,"column":4},"end":{"line":58,"column":6}},"22":{"start":{"line":62,"column":4},"end":{"line":64,"column":5}},"23":{"start":{"line":63,"column":6},"end":{"line":63,"column":56}},"24":{"start":{"line":66,"column":25},"end":{"line":66,"column":50}},"25":{"start":{"line":68,"column":24},"end":{"line":68,"column":53}},"26":{"start":{"line":70,"column":4},"end":{"line":70,"column":27}},"27":{"start":{"line":75,"column":17},"end":{"line":75,"column":46}},"28":{"start":{"line":77,"column":4},"end":{"line":79,"column":5}},"29":{"start":{"line":78,"column":6},"end":{"line":78,"column":48}},"30":{"start":{"line":81,"column":23},"end":{"line":81,"column":61}},"31":{"start":{"line":83,"column":4},"end":{"line":83,"column":41}},"32":{"start":{"line":84,"column":4},"end":{"line":84,"column":63}},"33":{"start":{"line":86,"column":4},"end":{"line":86,"column":22}},"34":{"start":{"line":88,"column":4},"end":{"line":88,"column":44}},"35":{"start":{"line":93,"column":17},"end":{"line":96,"column":6}},"36":{"start":{"line":98,"column":4},"end":{"line":100,"column":5}},"37":{"start":{"line":99,"column":6},"end":{"line":99,"column":58}},"38":{"start":{"line":102,"column":4},"end":{"line":102,"column":55}},"39":{"start":{"line":103,"column":4},"end":{"line":103,"column":40}},"40":{"start":{"line":104,"column":4},"end":{"line":104,"column":42}},"41":{"start":{"line":106,"column":4},"end":{"line":106,"column":22}},"42":{"start":{"line":108,"column":4},"end":{"line":108,"column":39}},"43":{"start":{"line":112,"column":0},"end":{"line":112,"column":33}}},"fnMap":{"0":{"name":"(anonymous_1)","decl":{"start":{"line":13,"column":2},"end":{"line":13,"column":7}},"loc":{"start":{"line":13,"column":73},"end":{"line":36,"column":3}}},"1":{"name":"(anonymous_2)","decl":{"start":{"line":38,"column":2},"end":{"line":38,"column":7}},"loc":{"start":{"line":38,"column":45},"end":{"line":59,"column":3}}},"2":{"name":"(anonymous_3)","decl":{"start":{"line":61,"column":2},"end":{"line":61,"column":7}},"loc":{"start":{"line":61,"column":34},"end":{"line":71,"column":3}}},"3":{"name":"(anonymous_4)","decl":{"start":{"line":74,"column":2},"end":{"line":74,"column":7}},"loc":{"start":{"line":74,"column":36},"end":{"line":89,"column":3}}},"4":{"name":"(anonymous_5)","decl":{"start":{"line":92,"column":2},"end":{"line":92,"column":7}},"loc":{"start":{"line":92,"column":56},"end":{"line":109,"column":3}}}},"branchMap":{"0":{"loc":{"start":{"line":16,"column":4},"end":{"line":18,"column":5}},"type":"if","locations":[{"start":{"line":16,"column":4},"end":{"line":18,"column":5}},{"start":{},"end":{}}]},"1":{"loc":{"start":{"line":23,"column":12},"end":{"line":23,"column":31}},"type":"binary-expr","locations":[{"start":{"line":23,"column":12},"end":{"line":23,"column":21}},{"start":{"line":23,"column":25},"end":{"line":23,"column":31}}]},"2":{"loc":{"start":{"line":41,"column":4},"end":{"line":43,"column":5}},"type":"if","locations":[{"start":{"line":41,"column":4},"end":{"line":43,"column":5}},{"start":{},"end":{}}]},"3":{"loc":{"start":{"line":47,"column":4},"end":{"line":49,"column":5}},"type":"if","locations":[{"start":{"line":47,"column":4},"end":{"line":49,"column":5}},{"start":{},"end":{}}]},"4":{"loc":{"start":{"line":62,"column":4},"end":{"line":64,"column":5}},"type":"if","locations":[{"start":{"line":62,"column":4},"end":{"line":64,"column":5}},{"start":{},"end":{}}]},"5":{"loc":{"start":{"line":77,"column":4},"end":{"line":79,"column":5}},"type":"if","locations":[{"start":{"line":77,"column":4},"end":{"line":79,"column":5}},{"start":{},"end":{}}]},"6":{"loc":{"start":{"line":98,"column":4},"end":{"line":100,"column":5}},"type":"if","locations":[{"start":{"line":98,"column":4},"end":{"line":100,"column":5}},{"start":{},"end":{}}]}},"s":{"0":10,"1":10,"2":10,"3":10,"4":10,"5":5,"6":5,"7":2,"8":3,"9":3,"10":3,"11":3,"12":3,"13":5,"14":5,"15":1,"16":4,"17":4,"18":2,"19":2,"20":2,"21":2,"22":2,"23":1,"24":1,"25":1,"26":1,"27":2,"28":2,"29":1,"30":1,"31":1,"32":1,"33":1,"34":1,"35":2,"36":2,"37":1,"38":1,"39":1,"40":1,"41":1,"42":1,"43":10},"f":{"0":5,"1":5,"2":2,"3":2,"4":2},"b":{"0":[2,3],"1":[3,1],"2":[1,4],"3":[2,2],"4":[1,1],"5":[1,1],"6":[1,1]}}
,"C:\\Users\\rithi\\OneDrive\\Desktop\\task3\\src\\services\\csv.service.ts": {"path":"C:\\Users\\rithi\\OneDrive\\Desktop\\task3\\src\\services\\csv.service.ts","statementMap":{"0":{"start":{"line":1,"column":0},"end":{"line":1,"column":45}},"1":{"start":{"line":2,"column":0},"end":{"line":2,"column":32}},"2":{"start":{"line":4,"column":27},"end":{"line":20,"column":1}},"3":{"start":{"line":5,"column":16},"end":{"line":7,"column":20}},"4":{"start":{"line":9,"column":17},"end":{"line":9,"column":52}},"5":{"start":{"line":11,"column":15},"end":{"line":17,"column":15}},"6":{"start":{"line":13,"column":6},"end":{"line":15,"column":9}},"7":{"start":{"line":19,"column":2},"end":{"line":19,"column":23}},"8":{"start":{"line":4,"column":13},"end":{"line":4,"column":27}}},"fnMap":{"0":{"name":"(anonymous_1)","decl":{"start":{"line":4,"column":27},"end":{"line":4,"column":32}},"loc":{"start":{"line":4,"column":72},"end":{"line":20,"column":1}}},"1":{"name":"(anonymous_2)","decl":{"start":{"line":12,"column":9},"end":{"line":12,"column":10}},"loc":{"start":{"line":12,"column":45},"end":{"line":16,"column":5}}}},"branchMap":{"0":{"loc":{"start":{"line":13,"column":39},"end":{"line":13,"column":55}},"type":"binary-expr","locations":[{"start":{"line":13,"column":39},"end":{"line":13,"column":49}},{"start":{"line":13,"column":53},"end":{"line":13,"column":55}}]},"1":{"loc":{"start":{"line":14,"column":8},"end":{"line":14,"column":null}},"type":"cond-expr","locations":[{"start":{"line":14,"column":22},"end":{"line":14,"column":47}},{"start":{"line":14,"column":50},"end":{"line":14,"column":null}}]}},"s":{"0":11,"1":11,"2":11,"3":1,"4":1,"5":1,"6":1,"7":1,"8":11},"f":{"0":1,"1":1},"b":{"0":[1,0],"1":[1,0]}}
,"C:\\Users\\rithi\\OneDrive\\Desktop\\task3\\src\\services\\file.service.ts": {"path":"C:\\Users\\rithi\\OneDrive\\Desktop\\task3\\src\\services\\file.service.ts","statementMap":{"0":{"start":{"line":2,"column":0},"end":{"line":2,"column":38}},"1":{"start":{"line":4,"column":29},"end":{"line":29,"column":1}},"2":{"start":{"line":8,"column":15},"end":{"line":8,"column":42}},"3":{"start":{"line":10,"column":2},"end":{"line":12,"column":3}},"4":{"start":{"line":11,"column":4},"end":{"line":11,"column":38}},"5":{"start":{"line":15,"column":2},"end":{"line":17,"column":3}},"6":{"start":{"line":16,"column":4},"end":{"line":16,"column":26}},"7":{"start":{"line":19,"column":2},"end":{"line":24,"column":12}},"8":{"start":{"line":26,"column":2},"end":{"line":26,"column":20}},"9":{"start":{"line":28,"column":2},"end":{"line":28,"column":14}},"10":{"start":{"line":4,"column":13},"end":{"line":4,"column":29}},"11":{"start":{"line":31,"column":29},"end":{"line":49,"column":1}},"12":{"start":{"line":32,"column":15},"end":{"line":32,"column":42}},"13":{"start":{"line":34,"column":2},"end":{"line":36,"column":3}},"14":{"start":{"line":35,"column":4},"end":{"line":35,"column":38}},"15":{"start":{"line":38,"column":2},"end":{"line":40,"column":3}},"16":{"start":{"line":39,"column":4},"end":{"line":39,"column":44}},"17":{"start":{"line":42,"column":21},"end":{"line":42,"column":54}},"18":{"start":{"line":44,"column":2},"end":{"line":46,"column":3}},"19":{"start":{"line":45,"column":4},"end":{"line":45,"column":44}},"20":{"start":{"line":48,"column":2},"end":{"line":48,"column":20}},"21":{"start":{"line":31,"column":13},"end":{"line":31,"column":29}}},"fnMap":{"0":{"name":"(anonymous_0)","decl":{"start":{"line":4,"column":29},"end":{"line":4,"column":34}},"loc":{"start":{"line":7,"column":4},"end":{"line":29,"column":1}}},"1":{"name":"(anonymous_1)","decl":{"start":{"line":31,"column":29},"end":{"line":31,"column":34}},"loc":{"start":{"line":31,"column":76},"end":{"line":49,"column":1}}}},"branchMap":{"0":{"loc":{"start":{"line":10,"column":2},"end":{"line":12,"column":3}},"type":"if","locations":[{"start":{"line":10,"column":2},"end":{"line":12,"column":3}},{"start":{},"end":{}}]},"1":{"loc":{"start":{"line":15,"column":2},"end":{"line":17,"column":3}},"type":"if","locations":[{"start":{"line":15,"column":2},"end":{"line":17,"column":3}},{"start":{},"end":{}}]},"2":{"loc":{"start":{"line":34,"column":2},"end":{"line":36,"column":3}},"type":"if","locations":[{"start":{"line":34,"column":2},"end":{"line":36,"column":3}},{"start":{},"end":{}}]},"3":{"loc":{"start":{"line":38,"column":2},"end":{"line":40,"column":3}},"type":"if","locations":[{"start":{"line":38,"column":2},"end":{"line":40,"column":3}},{"start":{},"end":{}}]},"4":{"loc":{"start":{"line":44,"column":2},"end":{"line":46,"column":3}},"type":"if","locations":[{"start":{"line":44,"column":2},"end":{"line":46,"column":3}},{"start":{},"end":{}}]}},"s":{"0":11,"1":11,"2":4,"3":4,"4":1,"5":3,"6":1,"7":3,"8":3,"9":3,"10":11,"11":11,"12":4,"13":4,"14":1,"15":3,"16":1,"17":2,"18":2,"19":1,"20":1,"21":11},"f":{"0":4,"1":4},"b":{"0":[1,3],"1":[1,2],"2":[1,3],"3":[1,2],"4":[1,1]}}
,"C:\\Users\\rithi\\OneDrive\\Desktop\\task3\\src\\services\\pdf.service.ts": {"path":"C:\\Users\\rithi\\OneDrive\\Desktop\\task3\\src\\services\\pdf.service.ts","statementMap":{"0":{"start":{"line":1,"column":0},"end":{"line":1,"column":33}},"1":{"start":{"line":2,"column":0},"end":{"line":2,"column":44}},"2":{"start":{"line":3,"column":0},"end":{"line":3,"column":57}},"3":{"start":{"line":6,"column":37},"end":{"line":62,"column":1}},"4":{"start":{"line":9,"column":18},"end":{"line":9,"column":71}},"5":{"start":{"line":11,"column":16},"end":{"line":13,"column":20}},"6":{"start":{"line":15,"column":14},"end":{"line":15,"column":31}},"7":{"start":{"line":16,"column":28},"end":{"line":16,"column":30}},"8":{"start":{"line":18,"column":2},"end":{"line":18,"column":57}},"9":{"start":{"line":18,"column":36},"end":{"line":18,"column":55}},"10":{"start":{"line":21,"column":2},"end":{"line":21,"column":60}},"11":{"start":{"line":22,"column":2},"end":{"line":22,"column":17}},"12":{"start":{"line":24,"column":2},"end":{"line":24,"column":23}},"13":{"start":{"line":25,"column":2},"end":{"line":28,"column":5}},"14":{"start":{"line":27,"column":4},"end":{"line":27,"column":28}},"15":{"start":{"line":30,"column":2},"end":{"line":30,"column":17}},"16":{"start":{"line":31,"column":2},"end":{"line":31,"column":28}},"17":{"start":{"line":33,"column":2},"end":{"line":38,"column":5}},"18":{"start":{"line":34,"column":18},"end":{"line":34,"column":72}},"19":{"start":{"line":34,"column":45},"end":{"line":34,"column":64}},"20":{"start":{"line":37,"column":4},"end":{"line":37,"column":36}},"21":{"start":{"line":40,"column":18},"end":{"line":44,"column":null}},"22":{"start":{"line":42,"column":6},"end":{"line":44,"column":38}},"23":{"start":{"line":47,"column":2},"end":{"line":47,"column":17}},"24":{"start":{"line":48,"column":2},"end":{"line":48,"column":29}},"25":{"start":{"line":50,"column":2},"end":{"line":53,"column":5}},"26":{"start":{"line":52,"column":4},"end":{"line":52,"column":29}},"27":{"start":{"line":55,"column":2},"end":{"line":55,"column":12}},"28":{"start":{"line":57,"column":2},"end":{"line":61,"column":5}},"29":{"start":{"line":58,"column":4},"end":{"line":60,"column":7}},"30":{"start":{"line":59,"column":6},"end":{"line":59,"column":38}},"31":{"start":{"line":6,"column":13},"end":{"line":6,"column":37}}},"fnMap":{"0":{"name":"(anonymous_1)","decl":{"start":{"line":6,"column":37},"end":{"line":6,"column":42}},"loc":{"start":{"line":8,"column":21},"end":{"line":62,"column":1}}},"1":{"name":"(anonymous_2)","decl":{"start":{"line":18,"column":17},"end":{"line":18,"column":18}},"loc":{"start":{"line":18,"column":36},"end":{"line":18,"column":55}}},"2":{"name":"(anonymous_3)","decl":{"start":{"line":25,"column":27},"end":{"line":25,"column":28}},"loc":{"start":{"line":25,"column":38},"end":{"line":28,"column":3}}},"3":{"name":"(anonymous_4)","decl":{"start":{"line":33,"column":36},"end":{"line":33,"column":37}},"loc":{"start":{"line":33,"column":47},"end":{"line":38,"column":3}}},"4":{"name":"(anonymous_5)","decl":{"start":{"line":34,"column":31},"end":{"line":34,"column":32}},"loc":{"start":{"line":34,"column":45},"end":{"line":34,"column":64}}},"5":{"name":"(anonymous_6)","decl":{"start":{"line":41,"column":4},"end":{"line":41,"column":5}},"loc":{"start":{"line":42,"column":6},"end":{"line":44,"column":38}}},"6":{"name":"(anonymous_7)","decl":{"start":{"line":50,"column":18},"end":{"line":50,"column":19}},"loc":{"start":{"line":50,"column":31},"end":{"line":53,"column":3}}},"7":{"name":"(anonymous_8)","decl":{"start":{"line":57,"column":21},"end":{"line":57,"column":22}},"loc":{"start":{"line":57,"column":33},"end":{"line":61,"column":3}}},"8":{"name":"(anonymous_9)","decl":{"start":{"line":58,"column":18},"end":{"line":58,"column":21}},"loc":{"start":{"line":58,"column":23},"end":{"line":60,"column":5}}}},"branchMap":{"0":{"loc":{"start":{"line":42,"column":6},"end":{"line":44,"column":38}},"type":"binary-expr","locations":[{"start":{"line":42,"column":6},"end":{"line":42,"column":15}},{"start":{"line":43,"column":6},"end":{"line":43,"column":34}},{"start":{"line":44,"column":6},"end":{"line":44,"column":38}}]}},"s":{"0":11,"1":11,"2":11,"3":11,"4":1,"5":1,"6":1,"7":1,"8":1,"9":61,"10":1,"11":1,"12":1,"13":1,"14":1,"15":1,"16":1,"17":1,"18":3,"19":3,"20":3,"21":1,"22":1,"23":1,"24":1,"25":1,"26":0,"27":1,"28":1,"29":1,"30":1,"31":11},"f":{"0":1,"1":61,"2":1,"3":3,"4":3,"5":1,"6":0,"7":1,"8":1},"b":{"0":[1,0,0]}}
,"C:\\Users\\rithi\\OneDrive\\Desktop\\task3\\src\\services\\task.service.ts": {"path":"C:\\Users\\rithi\\OneDrive\\Desktop\\task3\\src\\services\\task.service.ts","statementMap":{"0":{"start":{"line":1,"column":0},"end":{"line":1,"column":50}},"1":{"start":{"line":3,"column":27},"end":{"line":5,"column":1}},"2":{"start":{"line":4,"column":2},"end":{"line":4,"column":47}},"3":{"start":{"line":3,"column":13},"end":{"line":3,"column":27}},"4":{"start":{"line":6,"column":26},"end":{"line":8,"column":1}},"5":{"start":{"line":7,"column":2},"end":{"line":7,"column":33}},"6":{"start":{"line":6,"column":13},"end":{"line":6,"column":26}},"7":{"start":{"line":10,"column":33},"end":{"line":17,"column":1}},"8":{"start":{"line":11,"column":2},"end":{"line":16,"column":29}},"9":{"start":{"line":10,"column":13},"end":{"line":10,"column":33}},"10":{"start":{"line":19,"column":26},"end":{"line":28,"column":1}},"11":{"start":{"line":20,"column":15},"end":{"line":20,"column":63}},"12":{"start":{"line":22,"column":2},"end":{"line":22,"column":47}},"13":{"start":{"line":22,"column":13},"end":{"line":22,"column":47}},"14":{"start":{"line":24,"column":2},"end":{"line":24,"column":31}},"15":{"start":{"line":25,"column":2},"end":{"line":25,"column":20}},"16":{"start":{"line":27,"column":2},"end":{"line":27,"column":14}},"17":{"start":{"line":19,"column":13},"end":{"line":19,"column":26}},"18":{"start":{"line":30,"column":32},"end":{"line":39,"column":1}},"19":{"start":{"line":31,"column":15},"end":{"line":31,"column":63}},"20":{"start":{"line":33,"column":2},"end":{"line":33,"column":47}},"21":{"start":{"line":33,"column":13},"end":{"line":33,"column":47}},"22":{"start":{"line":35,"column":2},"end":{"line":35,"column":23}},"23":{"start":{"line":36,"column":2},"end":{"line":36,"column":20}},"24":{"start":{"line":38,"column":2},"end":{"line":38,"column":14}},"25":{"start":{"line":30,"column":13},"end":{"line":30,"column":32}},"26":{"start":{"line":41,"column":30},"end":{"line":50,"column":1}},"27":{"start":{"line":42,"column":15},"end":{"line":42,"column":63}},"28":{"start":{"line":44,"column":2},"end":{"line":44,"column":47}},"29":{"start":{"line":44,"column":13},"end":{"line":44,"column":47}},"30":{"start":{"line":46,"column":2},"end":{"line":46,"column":30}},"31":{"start":{"line":47,"column":2},"end":{"line":47,"column":20}},"32":{"start":{"line":49,"column":2},"end":{"line":49,"column":14}},"33":{"start":{"line":41,"column":13},"end":{"line":41,"column":30}}},"fnMap":{"0":{"name":"(anonymous_0)","decl":{"start":{"line":3,"column":27},"end":{"line":3,"column":32}},"loc":{"start":{"line":3,"column":38},"end":{"line":5,"column":1}}},"1":{"name":"(anonymous_1)","decl":{"start":{"line":6,"column":26},"end":{"line":6,"column":31}},"loc":{"start":{"line":6,"column":46},"end":{"line":8,"column":1}}},"2":{"name":"(anonymous_2)","decl":{"start":{"line":10,"column":33},"end":{"line":10,"column":38}},"loc":{"start":{"line":10,"column":61},"end":{"line":17,"column":1}}},"3":{"name":"(anonymous_3)","decl":{"start":{"line":19,"column":26},"end":{"line":19,"column":31}},"loc":{"start":{"line":19,"column":61},"end":{"line":28,"column":1}}},"4":{"name":"(anonymous_4)","decl":{"start":{"line":30,"column":32},"end":{"line":30,"column":37}},"loc":{"start":{"line":30,"column":73},"end":{"line":39,"column":1}}},"5":{"name":"(anonymous_5)","decl":{"start":{"line":41,"column":30},"end":{"line":41,"column":35}},"loc":{"start":{"line":41,"column":51},"end":{"line":50,"column":1}}}},"branchMap":{"0":{"loc":{"start":{"line":22,"column":2},"end":{"line":22,"column":47}},"type":"if","locations":[{"start":{"line":22,"column":2},"end":{"line":22,"column":47}},{"start":{},"end":{}}]},"1":{"loc":{"start":{"line":33,"column":2},"end":{"line":33,"column":47}},"type":"if","locations":[{"start":{"line":33,"column":2},"end":{"line":33,"column":47}},{"start":{},"end":{}}]},"2":{"loc":{"start":{"line":44,"column":2},"end":{"line":44,"column":47}},"type":"if","locations":[{"start":{"line":44,"column":2},"end":{"line":44,"column":47}},{"start":{},"end":{}}]}},"s":{"0":11,"1":11,"2":2,"3":11,"4":11,"5":3,"6":11,"7":11,"8":2,"9":11,"10":11,"11":3,"12":3,"13":1,"14":2,"15":2,"16":2,"17":11,"18":11,"19":2,"20":2,"21":0,"22":2,"23":2,"24":2,"25":11,"26":11,"27":3,"28":3,"29":1,"30":2,"31":2,"32":2,"33":11},"f":{"0":2,"1":3,"2":2,"3":3,"4":2,"5":3},"b":{"0":[1,2],"1":[0,2],"2":[1,2]}}
,"C:\\Users\\rithi\\OneDrive\\Desktop\\task3\\src\\utils\\AppError.ts": {"path":"C:\\Users\\rithi\\OneDrive\\Desktop\\task3\\src\\utils\\AppError.ts","statementMap":{"0":{"start":{"line":6,"column":4},"end":{"line":6,"column":19}},"1":{"start":{"line":7,"column":4},"end":{"line":7,"column":33}},"2":{"start":{"line":8,"column":4},"end":{"line":8,"column":25}},"3":{"start":{"line":10,"column":4},"end":{"line":10,"column":52}},"4":{"start":{"line":1,"column":0},"end":{"line":1,"column":13}}},"fnMap":{"0":{"name":"(anonymous_0)","decl":{"start":{"line":5,"column":2},"end":{"line":5,"column":14}},"loc":{"start":{"line":5,"column":65},"end":{"line":11,"column":3}}}},"branchMap":{},"s":{"0":16,"1":16,"2":16,"3":16,"4":13},"f":{"0":16},"b":{}}
,"C:\\Users\\rithi\\OneDrive\\Desktop\\task3\\src\\utils\\formatDate.ts": {"path":"C:\\Users\\rithi\\OneDrive\\Desktop\\task3\\src\\utils\\formatDate.ts","statementMap":{"0":{"start":{"line":1,"column":26},"end":{"line":3,"column":1}},"1":{"start":{"line":2,"column":2},"end":{"line":2,"column":28}},"2":{"start":{"line":1,"column":13},"end":{"line":1,"column":26}}},"fnMap":{"0":{"name":"(anonymous_0)","decl":{"start":{"line":1,"column":26},"end":{"line":1,"column":27}},"loc":{"start":{"line":1,"column":49},"end":{"line":3,"column":1}}}},"branchMap":{},"s":{"0":1,"1":1,"2":1},"f":{"0":1},"b":{}}
,"C:\\Users\\rithi\\OneDrive\\Desktop\\task3\\src\\utils\\jwt.ts": {"path":"C:\\Users\\rithi\\OneDrive\\Desktop\\task3\\src\\utils\\jwt.ts","statementMap":{"0":{"start":{"line":2,"column":0},"end":{"line":2,"column":31}},"1":{"start":{"line":4,"column":19},"end":{"line":4,"column":57}},"2":{"start":{"line":5,"column":27},"end":{"line":5,"column":77}},"3":{"start":{"line":7,"column":29},"end":{"line":9,"column":1}},"4":{"start":{"line":8,"column":2},"end":{"line":8,"column":60}},"5":{"start":{"line":7,"column":13},"end":{"line":7,"column":29}},"6":{"start":{"line":11,"column":36},"end":{"line":13,"column":1}},"7":{"start":{"line":12,"column":2},"end":{"line":12,"column":68}},"8":{"start":{"line":11,"column":13},"end":{"line":11,"column":36}},"9":{"start":{"line":15,"column":27},"end":{"line":17,"column":1}},"10":{"start":{"line":16,"column":2},"end":{"line":16,"column":61}},"11":{"start":{"line":15,"column":13},"end":{"line":15,"column":27}},"12":{"start":{"line":19,"column":34},"end":{"line":21,"column":1}},"13":{"start":{"line":20,"column":2},"end":{"line":20,"column":69}},"14":{"start":{"line":19,"column":13},"end":{"line":19,"column":34}}},"fnMap":{"0":{"name":"(anonymous_1)","decl":{"start":{"line":7,"column":29},"end":{"line":7,"column":30}},"loc":{"start":{"line":7,"column":61},"end":{"line":9,"column":1}}},"1":{"name":"(anonymous_2)","decl":{"start":{"line":11,"column":36},"end":{"line":11,"column":37}},"loc":{"start":{"line":11,"column":68},"end":{"line":13,"column":1}}},"2":{"name":"(anonymous_3)","decl":{"start":{"line":15,"column":27},"end":{"line":15,"column":28}},"loc":{"start":{"line":15,"column":45},"end":{"line":17,"column":1}}},"3":{"name":"(anonymous_4)","decl":{"start":{"line":19,"column":34},"end":{"line":19,"column":35}},"loc":{"start":{"line":19,"column":52},"end":{"line":21,"column":1}}}},"branchMap":{"0":{"loc":{"start":{"line":4,"column":19},"end":{"line":4,"column":57}},"type":"binary-expr","locations":[{"start":{"line":4,"column":19},"end":{"line":4,"column":41}},{"start":{"line":4,"column":45},"end":{"line":4,"column":57}}]},"1":{"loc":{"start":{"line":5,"column":27},"end":{"line":5,"column":77}},"type":"binary-expr","locations":[{"start":{"line":5,"column":27},"end":{"line":5,"column":57}},{"start":{"line":5,"column":61},"end":{"line":5,"column":77}}]}},"s":{"0":12,"1":12,"2":12,"3":12,"4":7,"5":12,"6":12,"7":3,"8":12,"9":12,"10":1,"11":12,"12":12,"13":0,"14":12},"f":{"0":7,"1":3,"2":1,"3":0},"b":{"0":[12,12],"1":[12,12]}}
,"C:\\Users\\rithi\\OneDrive\\Desktop\\task3\\src\\validators\\task.validators.ts": {"path":"C:\\Users\\rithi\\OneDrive\\Desktop\\task3\\src\\validators\\task.validators.ts","statementMap":{"0":{"start":{"line":1,"column":0},"end":{"line":1,"column":41}},"1":{"start":{"line":2,"column":0},"end":{"line":2,"column":41}},"2":{"start":{"line":3,"column":0},"end":{"line":3,"column":32}},"3":{"start":{"line":6,"column":13},"end":{"line":42,"column":2}},"4":{"start":{"line":11,"column":28},"end":{"line":11,"column":64}},"5":{"start":{"line":16,"column":28},"end":{"line":16,"column":64}},"6":{"start":{"line":24,"column":23},"end":{"line":24,"column":61}},"7":{"start":{"line":36,"column":23},"end":{"line":36,"column":51}}},"fnMap":{"0":{"name":"(anonymous_1)","decl":{"start":{"line":11,"column":21},"end":{"line":11,"column":22}},"loc":{"start":{"line":11,"column":28},"end":{"line":11,"column":64}}},"1":{"name":"(anonymous_2)","decl":{"start":{"line":16,"column":21},"end":{"line":16,"column":22}},"loc":{"start":{"line":16,"column":28},"end":{"line":16,"column":64}}},"2":{"name":"(anonymous_3)","decl":{"start":{"line":24,"column":12},"end":{"line":24,"column":13}},"loc":{"start":{"line":24,"column":23},"end":{"line":24,"column":61}}},"3":{"name":"(anonymous_4)","decl":{"start":{"line":36,"column":12},"end":{"line":36,"column":13}},"loc":{"start":{"line":36,"column":23},"end":{"line":36,"column":51}}}},"branchMap":{},"s":{"0":10,"1":10,"2":10,"3":10,"4":9,"5":9,"6":9,"7":2},"f":{"0":9,"1":9,"2":9,"3":2},"b":{}}
}
