{"C:\\Users\\rithi\\OneDrive\\Desktop\\task3\\src\\app.ts": {"path":"C:\\Users\\rithi\\OneDrive\\Desktop\\task3\\src\\app.ts","statementMap":{"0":{"start":{"line":1,"column":0},"end":{"line":1,"column":53}},"1":{"start":{"line":2,"column":0},"end":{"line":2,"column":46}},"2":{"start":{"line":3,"column":0},"end":{"line":3,"column":46}},"3":{"start":{"line":4,"column":0},"end":{"line":4,"column":50}},"4":{"start":{"line":5,"column":0},"end":{"line":5,"column":67}},"5":{"start":{"line":6,"column":0},"end":{"line":6,"column":63}},"6":{"start":{"line":8,"column":12},"end":{"line":8,"column":21}},"7":{"start":{"line":10,"column":0},"end":{"line":10,"column":24}},"8":{"start":{"line":15,"column":0},"end":{"line":15,"column":33}},"9":{"start":{"line":16,"column":0},"end":{"line":16,"column":34}},"10":{"start":{"line":17,"column":0},"end":{"line":17,"column":37}},"11":{"start":{"line":21,"column":0},"end":{"line":31,"column":2}},"12":{"start":{"line":26,"column":4},"end":{"line":29,"column":7}},"13":{"start":{"line":33,"column":0},"end":{"line":33,"column":19}}},"fnMap":{"0":{"name":"(anonymous_1)","decl":{"start":{"line":25,"column":2},"end":{"line":25,"column":3}},"loc":{"start":{"line":25,"column":34},"end":{"line":30,"column":3}}}},"branchMap":{},"s":{"0":7,"1":7,"2":7,"3":7,"4":7,"5":7,"6":7,"7":7,"8":7,"9":7,"10":7,"11":7,"12":2,"13":7},"f":{"0":2},"b":{}}
,"C:\\Users\\rithi\\OneDrive\\Desktop\\task3\\src\\controllers\\auth.controller.ts": {"path":"C:\\Users\\rithi\\OneDrive\\Desktop\\task3\\src\\controllers\\auth.controller.ts","statementMap":{"0":{"start":{"line":2,"column":0},"end":{"line":2,"column":51}},"1":{"start":{"line":6,"column":24},"end":{"line":21,"column":1}},"2":{"start":{"line":7,"column":2},"end":{"line":20,"column":3}},"3":{"start":{"line":8,"column":38},"end":{"line":8,"column":46}},"4":{"start":{"line":10,"column":19},"end":{"line":10,"column":72}},"5":{"start":{"line":12,"column":4},"end":{"line":15,"column":7}},"6":{"start":{"line":17,"column":4},"end":{"line":19,"column":7}},"7":{"start":{"line":6,"column":13},"end":{"line":6,"column":24}},"8":{"start":{"line":25,"column":21},"end":{"line":41,"column":1}},"9":{"start":{"line":30,"column":2},"end":{"line":40,"column":3}},"10":{"start":{"line":31,"column":19},"end":{"line":31,"column":77}},"11":{"start":{"line":32,"column":4},"end":{"line":35,"column":7}},"12":{"start":{"line":37,"column":4},"end":{"line":39,"column":7}},"13":{"start":{"line":25,"column":13},"end":{"line":25,"column":21}},"14":{"start":{"line":45,"column":28},"end":{"line":60,"column":1}},"15":{"start":{"line":50,"column":2},"end":{"line":59,"column":3}},"16":{"start":{"line":52,"column":18},"end":{"line":52,"column":49}},"17":{"start":{"line":54,"column":19},"end":{"line":54,"column":56}},"18":{"start":{"line":56,"column":4},"end":{"line":56,"column":21}},"19":{"start":{"line":58,"column":4},"end":{"line":58,"column":14}},"20":{"start":{"line":45,"column":13},"end":{"line":45,"column":28}},"21":{"start":{"line":64,"column":30},"end":{"line":75,"column":1}},"22":{"start":{"line":69,"column":2},"end":{"line":74,"column":3}},"23":{"start":{"line":70,"column":20},"end":{"line":70,"column":68}},"24":{"start":{"line":71,"column":4},"end":{"line":71,"column":26}},"25":{"start":{"line":73,"column":4},"end":{"line":73,"column":14}},"26":{"start":{"line":64,"column":13},"end":{"line":64,"column":30}},"27":{"start":{"line":79,"column":29},"end":{"line":93,"column":1}},"28":{"start":{"line":84,"column":2},"end":{"line":92,"column":3}},"29":{"start":{"line":85,"column":32},"end":{"line":85,"column":40}},"30":{"start":{"line":87,"column":20},"end":{"line":87,"column":68}},"31":{"start":{"line":89,"column":4},"end":{"line":89,"column":26}},"32":{"start":{"line":91,"column":4},"end":{"line":91,"column":14}},"33":{"start":{"line":79,"column":13},"end":{"line":79,"column":29}}},"fnMap":{"0":{"name":"(anonymous_1)","decl":{"start":{"line":6,"column":24},"end":{"line":6,"column":29}},"loc":{"start":{"line":6,"column":62},"end":{"line":21,"column":1}}},"1":{"name":"(anonymous_2)","decl":{"start":{"line":25,"column":21},"end":{"line":25,"column":26}},"loc":{"start":{"line":29,"column":4},"end":{"line":41,"column":1}}},"2":{"name":"(anonymous_3)","decl":{"start":{"line":45,"column":28},"end":{"line":45,"column":33}},"loc":{"start":{"line":49,"column":4},"end":{"line":60,"column":1}}},"3":{"name":"(anonymous_4)","decl":{"start":{"line":64,"column":30},"end":{"line":64,"column":35}},"loc":{"start":{"line":68,"column":4},"end":{"line":75,"column":1}}},"4":{"name":"(anonymous_5)","decl":{"start":{"line":79,"column":29},"end":{"line":79,"column":34}},"loc":{"start":{"line":83,"column":4},"end":{"line":93,"column":1}}}},"branchMap":{"0":{"loc":{"start":{"line":17,"column":15},"end":{"line":17,"column":38}},"type":"binary-expr","locations":[{"start":{"line":17,"column":15},"end":{"line":17,"column":31}},{"start":{"line":17,"column":35},"end":{"line":17,"column":38}}]},"1":{"loc":{"start":{"line":37,"column":15},"end":{"line":37,"column":38}},"type":"binary-expr","locations":[{"start":{"line":37,"column":15},"end":{"line":37,"column":31}},{"start":{"line":37,"column":35},"end":{"line":37,"column":38}}]}},"s":{"0":7,"1":7,"2":2,"3":2,"4":2,"5":1,"6":1,"7":7,"8":7,"9":2,"10":2,"11":0,"12":2,"13":7,"14":7,"15":0,"16":0,"17":0,"18":0,"19":0,"20":7,"21":7,"22":0,"23":0,"24":0,"25":0,"26":7,"27":7,"28":0,"29":0,"30":0,"31":0,"32":0,"33":7},"f":{"0":2,"1":2,"2":0,"3":0,"4":0},"b":{"0":[1,0],"1":[2,1]}}
,"C:\\Users\\rithi\\OneDrive\\Desktop\\task3\\src\\controllers\\task.controller.ts": {"path":"C:\\Users\\rithi\\OneDrive\\Desktop\\task3\\src\\controllers\\task.controller.ts","statementMap":{"0":{"start":{"line":2,"column":0},"end":{"line":2,"column":56}},"1":{"start":{"line":7,"column":26},"end":{"line":23,"column":1}},"2":{"start":{"line":8,"column":2},"end":{"line":22,"column":3}},"3":{"start":{"line":9,"column":17},"end":{"line":9,"column":55}},"4":{"start":{"line":11,"column":4},"end":{"line":14,"column":7}},"5":{"start":{"line":17,"column":23},"end":{"line":17,"column":46}},"6":{"start":{"line":18,"column":4},"end":{"line":21,"column":7}},"7":{"start":{"line":7,"column":13},"end":{"line":7,"column":26}},"8":{"start":{"line":26,"column":33},"end":{"line":45,"column":1}},"9":{"start":{"line":30,"column":2},"end":{"line":44,"column":3}},"10":{"start":{"line":31,"column":26},"end":{"line":31,"column":36}},"11":{"start":{"line":33,"column":18},"end":{"line":33,"column":64}},"12":{"start":{"line":35,"column":4},"end":{"line":38,"column":7}},"13":{"start":{"line":40,"column":4},"end":{"line":43,"column":7}},"14":{"start":{"line":26,"column":13},"end":{"line":26,"column":33}},"15":{"start":{"line":48,"column":26},"end":{"line":67,"column":1}},"16":{"start":{"line":52,"column":2},"end":{"line":66,"column":3}},"17":{"start":{"line":53,"column":23},"end":{"line":53,"column":33}},"18":{"start":{"line":55,"column":24},"end":{"line":55,"column":70}},"19":{"start":{"line":57,"column":4},"end":{"line":60,"column":7}},"20":{"start":{"line":62,"column":4},"end":{"line":65,"column":7}},"21":{"start":{"line":48,"column":13},"end":{"line":48,"column":26}},"22":{"start":{"line":70,"column":32},"end":{"line":93,"column":1}},"23":{"start":{"line":74,"column":2},"end":{"line":92,"column":3}},"24":{"start":{"line":75,"column":23},"end":{"line":75,"column":33}},"25":{"start":{"line":76,"column":23},"end":{"line":76,"column":31}},"26":{"start":{"line":78,"column":24},"end":{"line":80,"column":null}},"27":{"start":{"line":83,"column":4},"end":{"line":86,"column":7}},"28":{"start":{"line":88,"column":4},"end":{"line":91,"column":7}},"29":{"start":{"line":70,"column":13},"end":{"line":70,"column":32}},"30":{"start":{"line":96,"column":26},"end":{"line":115,"column":1}},"31":{"start":{"line":100,"column":2},"end":{"line":114,"column":3}},"32":{"start":{"line":101,"column":23},"end":{"line":101,"column":33}},"33":{"start":{"line":103,"column":4},"end":{"line":103,"column":45}},"34":{"start":{"line":105,"column":4},"end":{"line":108,"column":7}},"35":{"start":{"line":110,"column":4},"end":{"line":113,"column":7}},"36":{"start":{"line":96,"column":13},"end":{"line":96,"column":26}},"37":{"start":{"line":116,"column":27},"end":{"line":130,"column":1}},"38":{"start":{"line":117,"column":2},"end":{"line":129,"column":3}},"39":{"start":{"line":118,"column":18},"end":{"line":118,"column":49}},"40":{"start":{"line":120,"column":4},"end":{"line":123,"column":7}},"41":{"start":{"line":125,"column":4},"end":{"line":128,"column":7}},"42":{"start":{"line":116,"column":13},"end":{"line":116,"column":27}}},"fnMap":{"0":{"name":"(anonymous_9)","decl":{"start":{"line":7,"column":26},"end":{"line":7,"column":31}},"loc":{"start":{"line":7,"column":64},"end":{"line":23,"column":1}}},"1":{"name":"(anonymous_10)","decl":{"start":{"line":26,"column":33},"end":{"line":26,"column":38}},"loc":{"start":{"line":29,"column":4},"end":{"line":45,"column":1}}},"2":{"name":"(anonymous_11)","decl":{"start":{"line":48,"column":26},"end":{"line":48,"column":31}},"loc":{"start":{"line":51,"column":4},"end":{"line":67,"column":1}}},"3":{"name":"(anonymous_12)","decl":{"start":{"line":70,"column":32},"end":{"line":70,"column":37}},"loc":{"start":{"line":73,"column":4},"end":{"line":93,"column":1}}},"4":{"name":"(anonymous_13)","decl":{"start":{"line":96,"column":26},"end":{"line":96,"column":31}},"loc":{"start":{"line":99,"column":4},"end":{"line":115,"column":1}}},"5":{"name":"(anonymous_14)","decl":{"start":{"line":116,"column":27},"end":{"line":116,"column":32}},"loc":{"start":{"line":116,"column":65},"end":{"line":130,"column":1}}}},"branchMap":{"0":{"loc":{"start":{"line":17,"column":23},"end":{"line":17,"column":46}},"type":"binary-expr","locations":[{"start":{"line":17,"column":23},"end":{"line":17,"column":39}},{"start":{"line":17,"column":43},"end":{"line":17,"column":46}}]}},"s":{"0":7,"1":7,"2":2,"3":2,"4":2,"5":0,"6":0,"7":7,"8":7,"9":1,"10":1,"11":1,"12":1,"13":0,"14":7,"15":7,"16":1,"17":1,"18":1,"19":1,"20":0,"21":7,"22":7,"23":1,"24":1,"25":1,"26":1,"27":1,"28":0,"29":7,"30":7,"31":1,"32":1,"33":1,"34":1,"35":0,"36":7,"37":7,"38":2,"39":2,"40":2,"41":0,"42":7},"f":{"0":2,"1":1,"2":1,"3":1,"4":1,"5":2},"b":{"0":[0,0]}}
,"C:\\Users\\rithi\\OneDrive\\Desktop\\task3\\src\\middleware\\auth.middleware.ts": {"path":"C:\\Users\\rithi\\OneDrive\\Desktop\\task3\\src\\middleware\\auth.middleware.ts","statementMap":{"0":{"start":{"line":2,"column":0},"end":{"line":2,"column":31}},"1":{"start":{"line":4,"column":22},"end":{"line":29,"column":1}},"2":{"start":{"line":9,"column":17},"end":{"line":9,"column":42}},"3":{"start":{"line":11,"column":2},"end":{"line":13,"column":3}},"4":{"start":{"line":12,"column":4},"end":{"line":12,"column":66}},"5":{"start":{"line":15,"column":16},"end":{"line":15,"column":36}},"6":{"start":{"line":17,"column":2},"end":{"line":28,"column":3}},"7":{"start":{"line":18,"column":20},"end":{"line":20,"column":null}},"8":{"start":{"line":23,"column":4},"end":{"line":23,"column":32}},"9":{"start":{"line":25,"column":4},"end":{"line":25,"column":11}},"10":{"start":{"line":27,"column":4},"end":{"line":27,"column":62}},"11":{"start":{"line":4,"column":13},"end":{"line":4,"column":22}}},"fnMap":{"0":{"name":"(anonymous_1)","decl":{"start":{"line":4,"column":22},"end":{"line":4,"column":null}},"loc":{"start":{"line":8,"column":4},"end":{"line":29,"column":1}}}},"branchMap":{"0":{"loc":{"start":{"line":11,"column":2},"end":{"line":13,"column":3}},"type":"if","locations":[{"start":{"line":11,"column":2},"end":{"line":13,"column":3}},{"start":{},"end":{}}]},"1":{"loc":{"start":{"line":20,"column":6},"end":{"line":20,"column":40}},"type":"binary-expr","locations":[{"start":{"line":20,"column":6},"end":{"line":20,"column":28}},{"start":{"line":20,"column":32},"end":{"line":20,"column":40}}]}},"s":{"0":8,"1":8,"2":8,"3":8,"4":3,"5":5,"6":5,"7":5,"8":3,"9":3,"10":2,"11":8},"f":{"0":8},"b":{"0":[3,5],"1":[5,5]}}
,"C:\\Users\\rithi\\OneDrive\\Desktop\\task3\\src\\middleware\\errorHandler.ts": {"path":"C:\\Users\\rithi\\OneDrive\\Desktop\\task3\\src\\middleware\\errorHandler.ts","statementMap":{"0":{"start":{"line":4,"column":28},"end":{"line":50,"column":1}},"1":{"start":{"line":10,"column":19},"end":{"line":10,"column":40}},"2":{"start":{"line":11,"column":16},"end":{"line":11,"column":54}},"3":{"start":{"line":12,"column":15},"end":{"line":12,"column":33}},"4":{"start":{"line":15,"column":2},"end":{"line":18,"column":3}},"5":{"start":{"line":16,"column":4},"end":{"line":16,"column":21}},"6":{"start":{"line":17,"column":4},"end":{"line":17,"column":66}},"7":{"start":{"line":17,"column":55},"end":{"line":17,"column":64}},"8":{"start":{"line":21,"column":2},"end":{"line":24,"column":3}},"9":{"start":{"line":22,"column":4},"end":{"line":22,"column":21}},"10":{"start":{"line":23,"column":4},"end":{"line":23,"column":34}},"11":{"start":{"line":27,"column":2},"end":{"line":31,"column":3}},"12":{"start":{"line":28,"column":4},"end":{"line":28,"column":21}},"13":{"start":{"line":29,"column":18},"end":{"line":29,"column":46}},"14":{"start":{"line":30,"column":4},"end":{"line":30,"column":40}},"15":{"start":{"line":34,"column":2},"end":{"line":37,"column":3}},"16":{"start":{"line":35,"column":4},"end":{"line":35,"column":21}},"17":{"start":{"line":36,"column":4},"end":{"line":36,"column":30}},"18":{"start":{"line":39,"column":2},"end":{"line":42,"column":3}},"19":{"start":{"line":40,"column":4},"end":{"line":40,"column":21}},"20":{"start":{"line":41,"column":4},"end":{"line":41,"column":30}},"21":{"start":{"line":44,"column":2},"end":{"line":49,"column":5}},"22":{"start":{"line":4,"column":13},"end":{"line":4,"column":28}}},"fnMap":{"0":{"name":"(anonymous_0)","decl":{"start":{"line":4,"column":28},"end":{"line":4,"column":null}},"loc":{"start":{"line":9,"column":4},"end":{"line":50,"column":1}}},"1":{"name":"(anonymous_1)","decl":{"start":{"line":17,"column":43},"end":{"line":17,"column":44}},"loc":{"start":{"line":17,"column":55},"end":{"line":17,"column":64}}}},"branchMap":{"0":{"loc":{"start":{"line":10,"column":19},"end":{"line":10,"column":40}},"type":"binary-expr","locations":[{"start":{"line":10,"column":19},"end":{"line":10,"column":33}},{"start":{"line":10,"column":37},"end":{"line":10,"column":40}}]},"1":{"loc":{"start":{"line":11,"column":16},"end":{"line":11,"column":54}},"type":"binary-expr","locations":[{"start":{"line":11,"column":16},"end":{"line":11,"column":27}},{"start":{"line":11,"column":31},"end":{"line":11,"column":54}}]},"2":{"loc":{"start":{"line":12,"column":15},"end":{"line":12,"column":33}},"type":"binary-expr","locations":[{"start":{"line":12,"column":15},"end":{"line":12,"column":25}},{"start":{"line":12,"column":29},"end":{"line":12,"column":33}}]},"3":{"loc":{"start":{"line":15,"column":2},"end":{"line":18,"column":3}},"type":"if","locations":[{"start":{"line":15,"column":2},"end":{"line":18,"column":3}},{"start":{},"end":{}}]},"4":{"loc":{"start":{"line":21,"column":2},"end":{"line":24,"column":3}},"type":"if","locations":[{"start":{"line":21,"column":2},"end":{"line":24,"column":3}},{"start":{},"end":{}}]},"5":{"loc":{"start":{"line":27,"column":2},"end":{"line":31,"column":3}},"type":"if","locations":[{"start":{"line":27,"column":2},"end":{"line":31,"column":3}},{"start":{},"end":{}}]},"6":{"loc":{"start":{"line":34,"column":2},"end":{"line":37,"column":3}},"type":"if","locations":[{"start":{"line":34,"column":2},"end":{"line":37,"column":3}},{"start":{},"end":{}}]},"7":{"loc":{"start":{"line":39,"column":2},"end":{"line":42,"column":3}},"type":"if","locations":[{"start":{"line":39,"column":2},"end":{"line":42,"column":3}},{"start":{},"end":{}}]},"8":{"loc":{"start":{"line":48,"column":11},"end":{"line":48,"column":73}},"type":"cond-expr","locations":[{"start":{"line":48,"column":52},"end":{"line":48,"column":61}},{"start":{"line":48,"column":64},"end":{"line":48,"column":73}}]}},"s":{"0":1,"1":8,"2":8,"3":8,"4":8,"5":1,"6":1,"7":1,"8":8,"9":2,"10":2,"11":8,"12":3,"13":3,"14":3,"15":8,"16":1,"17":1,"18":8,"19":1,"20":1,"21":8,"22":1},"f":{"0":8,"1":1},"b":{"0":[8,8],"1":[8,8],"2":[8,7],"3":[1,7],"4":[2,6],"5":[3,5],"6":[1,7],"7":[1,7],"8":[0,8]}}
,"C:\\Users\\rithi\\OneDrive\\Desktop\\task3\\src\\middleware\\role.middleware.ts": {"path":"C:\\Users\\rithi\\OneDrive\\Desktop\\task3\\src\\middleware\\role.middleware.ts","statementMap":{"0":{"start":{"line":3,"column":23},"end":{"line":15,"column":1}},"1":{"start":{"line":8,"column":2},"end":{"line":10,"column":3}},"2":{"start":{"line":9,"column":4},"end":{"line":9,"column":18}},"3":{"start":{"line":12,"column":2},"end":{"line":14,"column":5}},"4":{"start":{"line":3,"column":13},"end":{"line":3,"column":23}}},"fnMap":{"0":{"name":"(anonymous_0)","decl":{"start":{"line":3,"column":23},"end":{"line":3,"column":null}},"loc":{"start":{"line":7,"column":4},"end":{"line":15,"column":1}}}},"branchMap":{"0":{"loc":{"start":{"line":8,"column":2},"end":{"line":10,"column":3}},"type":"if","locations":[{"start":{"line":8,"column":2},"end":{"line":10,"column":3}},{"start":{},"end":{}}]}},"s":{"0":1,"1":2,"2":1,"3":1,"4":1},"f":{"0":2},"b":{"0":[1,1]}}
,"C:\\Users\\rithi\\OneDrive\\Desktop\\task3\\src\\middleware\\validateRequest.ts": {"path":"C:\\Users\\rithi\\OneDrive\\Desktop\\task3\\src\\middleware\\validateRequest.ts","statementMap":{"0":{"start":{"line":2,"column":0},"end":{"line":2,"column":53}},"1":{"start":{"line":3,"column":0},"end":{"line":3,"column":45}},"2":{"start":{"line":5,"column":31},"end":{"line":15,"column":1}},"3":{"start":{"line":10,"column":17},"end":{"line":10,"column":38}},"4":{"start":{"line":11,"column":2},"end":{"line":13,"column":3}},"5":{"start":{"line":12,"column":4},"end":{"line":12,"column":72}},"6":{"start":{"line":14,"column":2},"end":{"line":14,"column":9}},"7":{"start":{"line":5,"column":13},"end":{"line":5,"column":31}}},"fnMap":{"0":{"name":"(anonymous_0)","decl":{"start":{"line":5,"column":31},"end":{"line":5,"column":null}},"loc":{"start":{"line":9,"column":4},"end":{"line":15,"column":1}}}},"branchMap":{"0":{"loc":{"start":{"line":11,"column":2},"end":{"line":13,"column":3}},"type":"if","locations":[{"start":{"line":11,"column":2},"end":{"line":13,"column":3}},{"start":{},"end":{}}]}},"s":{"0":8,"1":8,"2":8,"3":11,"4":11,"5":6,"6":5,"7":8},"f":{"0":11},"b":{"0":[6,5]}}
,"C:\\Users\\rithi\\OneDrive\\Desktop\\task3\\src\\models\\Project.ts": {"path":"C:\\Users\\rithi\\OneDrive\\Desktop\\task3\\src\\models\\Project.ts","statementMap":{"0":{"start":{"line":1,"column":0},"end":{"line":1,"column":32}},"1":{"start":{"line":11,"column":22},"end":{"line":41,"column":null}},"2":{"start":{"line":44,"column":13},"end":{"line":45,"column":70}}},"fnMap":{},"branchMap":{"0":{"loc":{"start":{"line":45,"column":2},"end":{"line":45,"column":69}},"type":"binary-expr","locations":[{"start":{"line":45,"column":2},"end":{"line":45,"column":25}},{"start":{"line":45,"column":29},"end":{"line":45,"column":69}}]}},"s":{"0":2,"1":2,"2":2},"f":{},"b":{"0":[2,2]}}
,"C:\\Users\\rithi\\OneDrive\\Desktop\\task3\\src\\models\\Task.ts": {"path":"C:\\Users\\rithi\\OneDrive\\Desktop\\task3\\src\\models\\Task.ts","statementMap":{"0":{"start":{"line":1,"column":0},"end":{"line":1,"column":32}},"1":{"start":{"line":3,"column":0},"end":{"line":3,"column":null}},"2":{"start":{"line":4,"column":2},"end":{"line":4,"column":null}},"3":{"start":{"line":5,"column":2},"end":{"line":5,"column":null}},"4":{"start":{"line":6,"column":2},"end":{"line":6,"column":null}},"5":{"start":{"line":19,"column":19},"end":{"line":33,"column":null}},"6":{"start":{"line":36,"column":13},"end":{"line":37,"column":64}}},"fnMap":{"0":{"name":"(anonymous_1)","decl":{"start":{"line":3,"column":0},"end":{"line":3,"column":12}},"loc":{"start":{"line":3,"column":22},"end":{"line":7,"column":1}}}},"branchMap":{"0":{"loc":{"start":{"line":3,"column":12},"end":{"line":3,"column":null}},"type":"binary-expr","locations":[{"start":{"line":3,"column":12},"end":{"line":3,"column":22}},{"start":{"line":3,"column":22},"end":{"line":3,"column":null}}]},"1":{"loc":{"start":{"line":37,"column":2},"end":{"line":37,"column":63}},"type":"binary-expr","locations":[{"start":{"line":37,"column":2},"end":{"line":37,"column":25}},{"start":{"line":37,"column":29},"end":{"line":37,"column":63}}]}},"s":{"0":8,"1":8,"2":8,"3":8,"4":8,"5":8,"6":8},"f":{"0":8},"b":{"0":[8,8],"1":[8,8]}}
,"C:\\Users\\rithi\\OneDrive\\Desktop\\task3\\src\\models\\User.ts": {"path":"C:\\Users\\rithi\\OneDrive\\Desktop\\task3\\src\\models\\User.ts","statementMap":{"0":{"start":{"line":1,"column":0},"end":{"line":1,"column":32}},"1":{"start":{"line":2,"column":0},"end":{"line":2,"column":30}},"2":{"start":{"line":3,"column":0},"end":{"line":3,"column":28}},"3":{"start":{"line":18,"column":19},"end":{"line":46,"column":null}},"4":{"start":{"line":52,"column":0},"end":{"line":57,"column":3}},"5":{"start":{"line":53,"column":2},"end":{"line":53,"column":43}},"6":{"start":{"line":53,"column":36},"end":{"line":53,"column":43}},"7":{"start":{"line":55,"column":15},"end":{"line":55,"column":39}},"8":{"start":{"line":56,"column":2},"end":{"line":56,"column":57}},"9":{"start":{"line":62,"column":0},"end":{"line":67,"column":2}},"10":{"start":{"line":65,"column":15},"end":{"line":65,"column":55}},"11":{"start":{"line":66,"column":2},"end":{"line":66,"column":50}},"12":{"start":{"line":72,"column":0},"end":{"line":81,"column":2}},"13":{"start":{"line":73,"column":15},"end":{"line":73,"column":55}},"14":{"start":{"line":75,"column":16},"end":{"line":75,"column":54}},"15":{"start":{"line":77,"column":2},"end":{"line":77,"column":26}},"16":{"start":{"line":78,"column":2},"end":{"line":78,"column":61}},"17":{"start":{"line":80,"column":2},"end":{"line":80,"column":15}},"18":{"start":{"line":83,"column":13},"end":{"line":83,"column":79}}},"fnMap":{"0":{"name":"(anonymous_1)","decl":{"start":{"line":52,"column":23},"end":{"line":52,"column":28}},"loc":{"start":{"line":52,"column":28},"end":{"line":57,"column":1}}},"1":{"name":"(anonymous_2)","decl":{"start":{"line":62,"column":37},"end":{"line":62,"column":42}},"loc":{"start":{"line":63,"column":19},"end":{"line":67,"column":1}}},"2":{"name":"(anonymous_3)","decl":{"start":{"line":72,"column":40},"end":{"line":72,"column":null}},"loc":{"start":{"line":72,"column":40},"end":{"line":81,"column":1}}}},"branchMap":{"0":{"loc":{"start":{"line":53,"column":2},"end":{"line":53,"column":43}},"type":"if","locations":[{"start":{"line":53,"column":2},"end":{"line":53,"column":43}},{"start":{},"end":{}}]},"1":{"loc":{"start":{"line":83,"column":20},"end":{"line":83,"column":78}},"type":"binary-expr","locations":[{"start":{"line":83,"column":20},"end":{"line":83,"column":40}},{"start":{"line":83,"column":44},"end":{"line":83,"column":78}}]}},"s":{"0":9,"1":9,"2":9,"3":9,"4":9,"5":15,"6":0,"7":15,"8":15,"9":9,"10":1,"11":1,"12":9,"13":1,"14":1,"15":1,"16":1,"17":1,"18":9},"f":{"0":15,"1":1,"2":1},"b":{"0":[0,15],"1":[9,9]}}
,"C:\\Users\\rithi\\OneDrive\\Desktop\\task3\\src\\routes\\auth.routes.ts": {"path":"C:\\Users\\rithi\\OneDrive\\Desktop\\task3\\src\\routes\\auth.routes.ts","statementMap":{"0":{"start":{"line":1,"column":0},"end":{"line":1,"column":33}},"1":{"start":{"line":2,"column":0},"end":{"line":2,"column":65}},"2":{"start":{"line":4,"column":15},"end":{"line":4,"column":23}},"3":{"start":{"line":6,"column":0},"end":{"line":6,"column":48}},"4":{"start":{"line":7,"column":0},"end":{"line":7,"column":44}},"5":{"start":{"line":8,"column":0},"end":{"line":8,"column":53}},"6":{"start":{"line":9,"column":0},"end":{"line":9,"column":54}},"7":{"start":{"line":10,"column":0},"end":{"line":10,"column":52}},"8":{"start":{"line":12,"column":0},"end":{"line":12,"column":22}}},"fnMap":{},"branchMap":{},"s":{"0":7,"1":7,"2":7,"3":7,"4":7,"5":7,"6":7,"7":7,"8":7},"f":{},"b":{}}
,"C:\\Users\\rithi\\OneDrive\\Desktop\\task3\\src\\routes\\health.routes.ts": {"path":"C:\\Users\\rithi\\OneDrive\\Desktop\\task3\\src\\routes\\health.routes.ts","statementMap":{"0":{"start":{"line":1,"column":0},"end":{"line":1,"column":33}},"1":{"start":{"line":3,"column":15},"end":{"line":3,"column":23}},"2":{"start":{"line":5,"column":0},"end":{"line":11,"column":3}},"3":{"start":{"line":6,"column":2},"end":{"line":10,"column":5}},"4":{"start":{"line":13,"column":0},"end":{"line":13,"column":22}}},"fnMap":{"0":{"name":"(anonymous_0)","decl":{"start":{"line":5,"column":16},"end":{"line":5,"column":17}},"loc":{"start":{"line":5,"column":29},"end":{"line":11,"column":1}}}},"branchMap":{},"s":{"0":7,"1":7,"2":7,"3":1,"4":7},"f":{"0":1},"b":{}}
,"C:\\Users\\rithi\\OneDrive\\Desktop\\task3\\src\\routes\\task.routes.ts": {"path":"C:\\Users\\rithi\\OneDrive\\Desktop\\task3\\src\\routes\\task.routes.ts","statementMap":{"0":{"start":{"line":1,"column":0},"end":{"line":1,"column":33}},"1":{"start":{"line":2,"column":0},"end":{"line":2,"column":65}},"2":{"start":{"line":3,"column":0},"end":{"line":3,"column":55}},"3":{"start":{"line":6,"column":0},"end":{"line":6,"column":64}},"4":{"start":{"line":7,"column":0},"end":{"line":7,"column":68}},"5":{"start":{"line":9,"column":15},"end":{"line":9,"column":23}},"6":{"start":{"line":12,"column":0},"end":{"line":12,"column":52}},"7":{"start":{"line":15,"column":0},"end":{"line":20,"column":2}},"8":{"start":{"line":21,"column":0},"end":{"line":21,"column":68}},"9":{"start":{"line":22,"column":0},"end":{"line":22,"column":50}},"10":{"start":{"line":23,"column":0},"end":{"line":23,"column":65}},"11":{"start":{"line":24,"column":0},"end":{"line":24,"column":53}},"12":{"start":{"line":26,"column":0},"end":{"line":26,"column":22}}},"fnMap":{},"branchMap":{},"s":{"0":7,"1":7,"2":7,"3":7,"4":7,"5":7,"6":7,"7":7,"8":7,"9":7,"10":7,"11":7,"12":7},"f":{},"b":{}}
,"C:\\Users\\rithi\\OneDrive\\Desktop\\task3\\src\\services\\auth.service.ts": {"path":"C:\\Users\\rithi\\OneDrive\\Desktop\\task3\\src\\services\\auth.service.ts","statementMap":{"0":{"start":{"line":1,"column":0},"end":{"line":1,"column":38}},"1":{"start":{"line":2,"column":0},"end":{"line":2,"column":30}},"2":{"start":{"line":3,"column":0},"end":{"line":3,"column":28}},"3":{"start":{"line":4,"column":0},"end":{"line":4,"column":null}},"4":{"start":{"line":9,"column":0},"end":{"line":9,"column":45}},"5":{"start":{"line":14,"column":21},"end":{"line":14,"column":62}},"6":{"start":{"line":16,"column":4},"end":{"line":18,"column":5}},"7":{"start":{"line":17,"column":6},"end":{"line":17,"column":53}},"8":{"start":{"line":20,"column":19},"end":{"line":20,"column":55}},"9":{"start":{"line":22,"column":17},"end":{"line":26,"column":6}},"10":{"start":{"line":28,"column":24},"end":{"line":28,"column":70}},"11":{"start":{"line":29,"column":25},"end":{"line":29,"column":78}},"12":{"start":{"line":31,"column":4},"end":{"line":35,"column":6}},"13":{"start":{"line":40,"column":17},"end":{"line":40,"column":46}},"14":{"start":{"line":42,"column":4},"end":{"line":44,"column":5}},"15":{"start":{"line":43,"column":6},"end":{"line":43,"column":53}},"16":{"start":{"line":46,"column":18},"end":{"line":46,"column":63}},"17":{"start":{"line":48,"column":4},"end":{"line":50,"column":5}},"18":{"start":{"line":49,"column":6},"end":{"line":49,"column":53}},"19":{"start":{"line":52,"column":24},"end":{"line":52,"column":58}},"20":{"start":{"line":53,"column":25},"end":{"line":53,"column":66}},"21":{"start":{"line":55,"column":4},"end":{"line":59,"column":6}},"22":{"start":{"line":64,"column":4},"end":{"line":66,"column":5}},"23":{"start":{"line":65,"column":6},"end":{"line":65,"column":56}},"24":{"start":{"line":68,"column":25},"end":{"line":68,"column":50}},"25":{"start":{"line":70,"column":24},"end":{"line":70,"column":53}},"26":{"start":{"line":72,"column":4},"end":{"line":72,"column":27}},"27":{"start":{"line":77,"column":17},"end":{"line":77,"column":46}},"28":{"start":{"line":79,"column":4},"end":{"line":81,"column":5}},"29":{"start":{"line":80,"column":6},"end":{"line":80,"column":48}},"30":{"start":{"line":83,"column":23},"end":{"line":83,"column":61}},"31":{"start":{"line":85,"column":4},"end":{"line":85,"column":41}},"32":{"start":{"line":86,"column":4},"end":{"line":86,"column":63}},"33":{"start":{"line":88,"column":4},"end":{"line":88,"column":22}},"34":{"start":{"line":90,"column":4},"end":{"line":90,"column":44}},"35":{"start":{"line":95,"column":17},"end":{"line":98,"column":6}},"36":{"start":{"line":100,"column":4},"end":{"line":102,"column":5}},"37":{"start":{"line":101,"column":6},"end":{"line":101,"column":58}},"38":{"start":{"line":104,"column":4},"end":{"line":104,"column":55}},"39":{"start":{"line":105,"column":4},"end":{"line":105,"column":40}},"40":{"start":{"line":106,"column":4},"end":{"line":106,"column":42}},"41":{"start":{"line":108,"column":4},"end":{"line":108,"column":22}},"42":{"start":{"line":110,"column":4},"end":{"line":110,"column":39}},"43":{"start":{"line":114,"column":0},"end":{"line":114,"column":33}}},"fnMap":{"0":{"name":"(anonymous_1)","decl":{"start":{"line":13,"column":2},"end":{"line":13,"column":7}},"loc":{"start":{"line":13,"column":73},"end":{"line":36,"column":3}}},"1":{"name":"(anonymous_2)","decl":{"start":{"line":39,"column":2},"end":{"line":39,"column":7}},"loc":{"start":{"line":39,"column":45},"end":{"line":60,"column":3}}},"2":{"name":"(anonymous_3)","decl":{"start":{"line":63,"column":2},"end":{"line":63,"column":7}},"loc":{"start":{"line":63,"column":34},"end":{"line":73,"column":3}}},"3":{"name":"(anonymous_4)","decl":{"start":{"line":76,"column":2},"end":{"line":76,"column":7}},"loc":{"start":{"line":76,"column":36},"end":{"line":91,"column":3}}},"4":{"name":"(anonymous_5)","decl":{"start":{"line":94,"column":2},"end":{"line":94,"column":7}},"loc":{"start":{"line":94,"column":56},"end":{"line":111,"column":3}}}},"branchMap":{"0":{"loc":{"start":{"line":16,"column":4},"end":{"line":18,"column":5}},"type":"if","locations":[{"start":{"line":16,"column":4},"end":{"line":18,"column":5}},{"start":{},"end":{}}]},"1":{"loc":{"start":{"line":23,"column":12},"end":{"line":23,"column":31}},"type":"binary-expr","locations":[{"start":{"line":23,"column":12},"end":{"line":23,"column":21}},{"start":{"line":23,"column":25},"end":{"line":23,"column":31}}]},"2":{"loc":{"start":{"line":42,"column":4},"end":{"line":44,"column":5}},"type":"if","locations":[{"start":{"line":42,"column":4},"end":{"line":44,"column":5}},{"start":{},"end":{}}]},"3":{"loc":{"start":{"line":48,"column":4},"end":{"line":50,"column":5}},"type":"if","locations":[{"start":{"line":48,"column":4},"end":{"line":50,"column":5}},{"start":{},"end":{}}]},"4":{"loc":{"start":{"line":64,"column":4},"end":{"line":66,"column":5}},"type":"if","locations":[{"start":{"line":64,"column":4},"end":{"line":66,"column":5}},{"start":{},"end":{}}]},"5":{"loc":{"start":{"line":79,"column":4},"end":{"line":81,"column":5}},"type":"if","locations":[{"start":{"line":79,"column":4},"end":{"line":81,"column":5}},{"start":{},"end":{}}]},"6":{"loc":{"start":{"line":100,"column":4},"end":{"line":102,"column":5}},"type":"if","locations":[{"start":{"line":100,"column":4},"end":{"line":102,"column":5}},{"start":{},"end":{}}]}},"s":{"0":8,"1":8,"2":8,"3":8,"4":8,"5":4,"6":4,"7":2,"8":2,"9":2,"10":2,"11":2,"12":2,"13":5,"14":5,"15":1,"16":4,"17":4,"18":2,"19":2,"20":1,"21":1,"22":2,"23":1,"24":1,"25":1,"26":1,"27":2,"28":2,"29":1,"30":1,"31":1,"32":1,"33":1,"34":1,"35":2,"36":2,"37":1,"38":1,"39":1,"40":1,"41":1,"42":1,"43":8},"f":{"0":4,"1":5,"2":2,"3":2,"4":2},"b":{"0":[2,2],"1":[2,1],"2":[1,4],"3":[2,2],"4":[1,1],"5":[1,1],"6":[1,1]}}
,"C:\\Users\\rithi\\OneDrive\\Desktop\\task3\\src\\services\\task.service.ts": {"path":"C:\\Users\\rithi\\OneDrive\\Desktop\\task3\\src\\services\\task.service.ts","statementMap":{"0":{"start":{"line":1,"column":0},"end":{"line":1,"column":50}},"1":{"start":{"line":3,"column":27},"end":{"line":5,"column":1}},"2":{"start":{"line":4,"column":2},"end":{"line":4,"column":47}},"3":{"start":{"line":3,"column":13},"end":{"line":3,"column":27}},"4":{"start":{"line":6,"column":26},"end":{"line":8,"column":1}},"5":{"start":{"line":7,"column":2},"end":{"line":7,"column":33}},"6":{"start":{"line":6,"column":13},"end":{"line":6,"column":26}},"7":{"start":{"line":10,"column":33},"end":{"line":17,"column":1}},"8":{"start":{"line":11,"column":2},"end":{"line":16,"column":29}},"9":{"start":{"line":10,"column":13},"end":{"line":10,"column":33}},"10":{"start":{"line":19,"column":26},"end":{"line":28,"column":1}},"11":{"start":{"line":20,"column":15},"end":{"line":20,"column":63}},"12":{"start":{"line":22,"column":2},"end":{"line":22,"column":47}},"13":{"start":{"line":22,"column":13},"end":{"line":22,"column":47}},"14":{"start":{"line":24,"column":2},"end":{"line":24,"column":31}},"15":{"start":{"line":25,"column":2},"end":{"line":25,"column":20}},"16":{"start":{"line":27,"column":2},"end":{"line":27,"column":14}},"17":{"start":{"line":19,"column":13},"end":{"line":19,"column":26}},"18":{"start":{"line":30,"column":32},"end":{"line":39,"column":1}},"19":{"start":{"line":31,"column":15},"end":{"line":31,"column":63}},"20":{"start":{"line":33,"column":2},"end":{"line":33,"column":47}},"21":{"start":{"line":33,"column":13},"end":{"line":33,"column":47}},"22":{"start":{"line":35,"column":2},"end":{"line":35,"column":23}},"23":{"start":{"line":36,"column":2},"end":{"line":36,"column":20}},"24":{"start":{"line":38,"column":2},"end":{"line":38,"column":14}},"25":{"start":{"line":30,"column":13},"end":{"line":30,"column":32}},"26":{"start":{"line":41,"column":30},"end":{"line":50,"column":1}},"27":{"start":{"line":42,"column":15},"end":{"line":42,"column":63}},"28":{"start":{"line":44,"column":2},"end":{"line":44,"column":47}},"29":{"start":{"line":44,"column":13},"end":{"line":44,"column":47}},"30":{"start":{"line":46,"column":2},"end":{"line":46,"column":30}},"31":{"start":{"line":47,"column":2},"end":{"line":47,"column":20}},"32":{"start":{"line":49,"column":2},"end":{"line":49,"column":14}},"33":{"start":{"line":41,"column":13},"end":{"line":41,"column":30}}},"fnMap":{"0":{"name":"(anonymous_0)","decl":{"start":{"line":3,"column":27},"end":{"line":3,"column":32}},"loc":{"start":{"line":3,"column":38},"end":{"line":5,"column":1}}},"1":{"name":"(anonymous_1)","decl":{"start":{"line":6,"column":26},"end":{"line":6,"column":31}},"loc":{"start":{"line":6,"column":46},"end":{"line":8,"column":1}}},"2":{"name":"(anonymous_2)","decl":{"start":{"line":10,"column":33},"end":{"line":10,"column":38}},"loc":{"start":{"line":10,"column":61},"end":{"line":17,"column":1}}},"3":{"name":"(anonymous_3)","decl":{"start":{"line":19,"column":26},"end":{"line":19,"column":31}},"loc":{"start":{"line":19,"column":61},"end":{"line":28,"column":1}}},"4":{"name":"(anonymous_4)","decl":{"start":{"line":30,"column":32},"end":{"line":30,"column":37}},"loc":{"start":{"line":30,"column":73},"end":{"line":39,"column":1}}},"5":{"name":"(anonymous_5)","decl":{"start":{"line":41,"column":30},"end":{"line":41,"column":35}},"loc":{"start":{"line":41,"column":51},"end":{"line":50,"column":1}}}},"branchMap":{"0":{"loc":{"start":{"line":22,"column":2},"end":{"line":22,"column":47}},"type":"if","locations":[{"start":{"line":22,"column":2},"end":{"line":22,"column":47}},{"start":{},"end":{}}]},"1":{"loc":{"start":{"line":33,"column":2},"end":{"line":33,"column":47}},"type":"if","locations":[{"start":{"line":33,"column":2},"end":{"line":33,"column":47}},{"start":{},"end":{}}]},"2":{"loc":{"start":{"line":44,"column":2},"end":{"line":44,"column":47}},"type":"if","locations":[{"start":{"line":44,"column":2},"end":{"line":44,"column":47}},{"start":{},"end":{}}]}},"s":{"0":8,"1":8,"2":2,"3":8,"4":8,"5":3,"6":8,"7":8,"8":2,"9":8,"10":8,"11":3,"12":3,"13":1,"14":2,"15":2,"16":2,"17":8,"18":8,"19":2,"20":2,"21":0,"22":2,"23":2,"24":2,"25":8,"26":8,"27":3,"28":3,"29":1,"30":2,"31":2,"32":2,"33":8},"f":{"0":2,"1":3,"2":2,"3":3,"4":2,"5":3},"b":{"0":[1,2],"1":[0,2],"2":[1,2]}}
,"C:\\Users\\rithi\\OneDrive\\Desktop\\task3\\src\\utils\\AppError.ts": {"path":"C:\\Users\\rithi\\OneDrive\\Desktop\\task3\\src\\utils\\AppError.ts","statementMap":{"0":{"start":{"line":6,"column":4},"end":{"line":6,"column":19}},"1":{"start":{"line":7,"column":4},"end":{"line":7,"column":33}},"2":{"start":{"line":8,"column":4},"end":{"line":8,"column":25}},"3":{"start":{"line":10,"column":4},"end":{"line":10,"column":52}},"4":{"start":{"line":1,"column":0},"end":{"line":1,"column":13}}},"fnMap":{"0":{"name":"(anonymous_0)","decl":{"start":{"line":5,"column":2},"end":{"line":5,"column":14}},"loc":{"start":{"line":5,"column":65},"end":{"line":11,"column":3}}}},"branchMap":{},"s":{"0":16,"1":16,"2":16,"3":16,"4":10},"f":{"0":16},"b":{}}
,"C:\\Users\\rithi\\OneDrive\\Desktop\\task3\\src\\utils\\formatDate.ts": {"path":"C:\\Users\\rithi\\OneDrive\\Desktop\\task3\\src\\utils\\formatDate.ts","statementMap":{"0":{"start":{"line":1,"column":26},"end":{"line":3,"column":1}},"1":{"start":{"line":2,"column":2},"end":{"line":2,"column":28}},"2":{"start":{"line":1,"column":13},"end":{"line":1,"column":26}}},"fnMap":{"0":{"name":"(anonymous_0)","decl":{"start":{"line":1,"column":26},"end":{"line":1,"column":27}},"loc":{"start":{"line":1,"column":49},"end":{"line":3,"column":1}}}},"branchMap":{},"s":{"0":1,"1":1,"2":1},"f":{"0":1},"b":{}}
,"C:\\Users\\rithi\\OneDrive\\Desktop\\task3\\src\\utils\\jwt.ts": {"path":"C:\\Users\\rithi\\OneDrive\\Desktop\\task3\\src\\utils\\jwt.ts","statementMap":{"0":{"start":{"line":2,"column":0},"end":{"line":2,"column":31}},"1":{"start":{"line":4,"column":19},"end":{"line":4,"column":53}},"2":{"start":{"line":5,"column":27},"end":{"line":5,"column":77}},"3":{"start":{"line":7,"column":29},"end":{"line":9,"column":1}},"4":{"start":{"line":8,"column":2},"end":{"line":8,"column":60}},"5":{"start":{"line":7,"column":13},"end":{"line":7,"column":29}},"6":{"start":{"line":11,"column":36},"end":{"line":13,"column":1}},"7":{"start":{"line":12,"column":2},"end":{"line":12,"column":68}},"8":{"start":{"line":11,"column":13},"end":{"line":11,"column":36}},"9":{"start":{"line":15,"column":27},"end":{"line":17,"column":1}},"10":{"start":{"line":16,"column":2},"end":{"line":16,"column":61}},"11":{"start":{"line":15,"column":13},"end":{"line":15,"column":27}},"12":{"start":{"line":19,"column":34},"end":{"line":21,"column":1}},"13":{"start":{"line":20,"column":2},"end":{"line":20,"column":69}},"14":{"start":{"line":19,"column":13},"end":{"line":19,"column":34}}},"fnMap":{"0":{"name":"(anonymous_1)","decl":{"start":{"line":7,"column":29},"end":{"line":7,"column":30}},"loc":{"start":{"line":7,"column":61},"end":{"line":9,"column":1}}},"1":{"name":"(anonymous_2)","decl":{"start":{"line":11,"column":36},"end":{"line":11,"column":37}},"loc":{"start":{"line":11,"column":68},"end":{"line":13,"column":1}}},"2":{"name":"(anonymous_3)","decl":{"start":{"line":15,"column":27},"end":{"line":15,"column":28}},"loc":{"start":{"line":15,"column":45},"end":{"line":17,"column":1}}},"3":{"name":"(anonymous_4)","decl":{"start":{"line":19,"column":34},"end":{"line":19,"column":35}},"loc":{"start":{"line":19,"column":52},"end":{"line":21,"column":1}}}},"branchMap":{"0":{"loc":{"start":{"line":4,"column":19},"end":{"line":4,"column":53}},"type":"binary-expr","locations":[{"start":{"line":4,"column":19},"end":{"line":4,"column":41}},{"start":{"line":4,"column":45},"end":{"line":4,"column":53}}]},"1":{"loc":{"start":{"line":5,"column":27},"end":{"line":5,"column":77}},"type":"binary-expr","locations":[{"start":{"line":5,"column":27},"end":{"line":5,"column":57}},{"start":{"line":5,"column":61},"end":{"line":5,"column":77}}]}},"s":{"0":10,"1":10,"2":10,"3":10,"4":6,"5":10,"6":10,"7":1,"8":10,"9":10,"10":1,"11":10,"12":10,"13":0,"14":10},"f":{"0":6,"1":1,"2":1,"3":0},"b":{"0":[10,10],"1":[10,10]}}
,"C:\\Users\\rithi\\OneDrive\\Desktop\\task3\\src\\validators\\task.validators.ts": {"path":"C:\\Users\\rithi\\OneDrive\\Desktop\\task3\\src\\validators\\task.validators.ts","statementMap":{"0":{"start":{"line":1,"column":0},"end":{"line":1,"column":41}},"1":{"start":{"line":2,"column":0},"end":{"line":2,"column":41}},"2":{"start":{"line":3,"column":0},"end":{"line":3,"column":32}},"3":{"start":{"line":6,"column":13},"end":{"line":42,"column":2}},"4":{"start":{"line":11,"column":28},"end":{"line":11,"column":64}},"5":{"start":{"line":16,"column":28},"end":{"line":16,"column":64}},"6":{"start":{"line":24,"column":23},"end":{"line":24,"column":61}},"7":{"start":{"line":36,"column":23},"end":{"line":36,"column":51}}},"fnMap":{"0":{"name":"(anonymous_1)","decl":{"start":{"line":11,"column":21},"end":{"line":11,"column":22}},"loc":{"start":{"line":11,"column":28},"end":{"line":11,"column":64}}},"1":{"name":"(anonymous_2)","decl":{"start":{"line":16,"column":21},"end":{"line":16,"column":22}},"loc":{"start":{"line":16,"column":28},"end":{"line":16,"column":64}}},"2":{"name":"(anonymous_3)","decl":{"start":{"line":24,"column":12},"end":{"line":24,"column":13}},"loc":{"start":{"line":24,"column":23},"end":{"line":24,"column":61}}},"3":{"name":"(anonymous_4)","decl":{"start":{"line":36,"column":12},"end":{"line":36,"column":13}},"loc":{"start":{"line":36,"column":23},"end":{"line":36,"column":51}}}},"branchMap":{},"s":{"0":7,"1":7,"2":7,"3":7,"4":9,"5":9,"6":9,"7":2},"f":{"0":9,"1":9,"2":9,"3":2},"b":{}}
}
