TN:
SF:src\app.ts
FN:28,(anonymous_1)
FNF:1
FNH:1
FNDA:2,(anonymous_1)
DA:1,12
DA:2,12
DA:3,12
DA:4,12
DA:5,12
DA:6,12
DA:8,12
DA:10,12
DA:12,12
DA:17,12
DA:18,12
DA:19,12
DA:20,12
DA:24,12
DA:29,2
DA:36,12
LF:16
LH:16
BRF:0
BRH:0
end_of_record
TN:
SF:src\socket.ts
FN:10,(anonymous_1)
FN:17,(anonymous_2)
FN:36,(anonymous_3)
FN:42,(anonymous_4)
FN:46,(anonymous_5)
FN:57,(anonymous_6)
FNF:6
FNH:3
FNDA:2,(anonymous_1)
FNDA:1,(anonymous_2)
FNDA:0,(anonymous_3)
FNDA:0,(anonymous_4)
FNDA:0,(anonymous_5)
FNDA:1,(anonymous_6)
DA:1,14
DA:3,14
DA:10,14
DA:11,2
DA:17,2
DA:18,1
DA:20,1
DA:22,1
DA:23,1
DA:26,0
DA:28,0
DA:30,0
DA:32,0
DA:36,2
DA:37,0
DA:42,0
DA:43,0
DA:46,0
DA:47,0
DA:51,2
DA:57,14
DA:58,1
DA:59,1
DA:62,0
DA:66,14
LF:25
LH:15
BRDA:20,0,0,1
BRDA:20,0,1,1
BRDA:22,1,0,1
BRDA:22,1,1,0
BRDA:26,2,0,0
BRDA:26,2,1,0
BRDA:58,3,0,1
BRDA:58,3,1,0
BRF:8
BRH:4
end_of_record
TN:
SF:src\controllers\auth.controller.ts
FN:7,(anonymous_1)
FN:25,(anonymous_2)
FN:44,(anonymous_3)
FN:60,(anonymous_4)
FN:75,(anonymous_5)
FN:90,(anonymous_6)
FNF:6
FNH:6
FNDA:5,(anonymous_1)
FNDA:3,(anonymous_2)
FNDA:1,(anonymous_3)
FNDA:1,(anonymous_4)
FNDA:1,(anonymous_5)
FNDA:1,(anonymous_6)
DA:2,12
DA:3,12
DA:7,12
DA:8,5
DA:9,5
DA:10,5
DA:12,3
DA:17,2
DA:25,12
DA:30,3
DA:31,3
DA:32,3
DA:34,1
DA:38,2
DA:44,12
DA:49,1
DA:50,1
DA:51,1
DA:52,1
DA:54,0
DA:60,12
DA:65,1
DA:66,1
DA:67,0
DA:69,1
DA:75,12
DA:80,1
DA:81,1
DA:82,1
DA:83,0
DA:85,1
DA:90,12
DA:91,1
DA:93,1
DA:94,0
DA:97,1
DA:98,1
DA:99,0
DA:105,1
DA:106,1
DA:107,1
DA:110,1
DA:112,0
LF:43
LH:37
BRDA:17,0,0,2
BRDA:17,0,1,0
BRDA:93,1,0,0
BRDA:93,1,1,1
BRDA:98,2,0,0
BRDA:98,2,1,1
BRDA:105,3,0,1
BRDA:105,3,1,1
BRDA:105,3,2,1
BRF:9
BRH:6
end_of_record
TN:
SF:src\controllers\task.controller.ts
FN:12,(anonymous_10)
FN:46,(anonymous_11)
FN:67,(anonymous_12)
FN:89,(anonymous_13)
FN:124,(anonymous_14)
FN:163,(anonymous_15)
FN:191,(anonymous_16)
FN:208,(anonymous_17)
FN:245,(anonymous_18)
FN:266,(anonymous_19)
FNF:10
FNH:8
FNDA:3,(anonymous_10)
FNDA:1,(anonymous_11)
FNDA:1,(anonymous_12)
FNDA:1,(anonymous_13)
FNDA:1,(anonymous_14)
FNDA:1,(anonymous_15)
FNDA:2,(anonymous_16)
FNDA:1,(anonymous_17)
FNDA:0,(anonymous_18)
FNDA:0,(anonymous_19)
DA:2,13
DA:4,13
DA:5,13
DA:6,13
DA:9,13
DA:12,13
DA:13,3
DA:14,3
DA:17,3
DA:18,3
DA:19,1
DA:32,3
DA:37,0
DA:38,0
DA:46,13
DA:50,1
DA:51,1
DA:52,1
DA:54,1
DA:59,0
DA:67,13
DA:68,1
DA:70,1
DA:74,1
DA:75,0
DA:81,1
DA:89,13
DA:93,1
DA:94,1
DA:96,1
DA:99,1
DA:100,1
DA:101,0
DA:111,1
DA:116,0
DA:124,13
DA:128,1
DA:129,1
DA:130,1
DA:132,1
DA:138,1
DA:139,1
DA:140,0
DA:150,1
DA:155,0
DA:163,13
DA:167,1
DA:168,1
DA:170,1
DA:173,1
DA:175,1
DA:178,1
DA:183,0
DA:191,13
DA:192,2
DA:193,2
DA:195,2
DA:200,0
DA:208,13
DA:209,1
DA:210,1
DA:211,0
DA:217,1
DA:220,1
DA:221,1
DA:222,0
DA:232,1
DA:237,0
DA:245,13
DA:246,0
DA:247,0
DA:252,0
DA:253,0
DA:258,0
DA:259,0
DA:264,0
DA:266,0
DA:267,0
DA:270,0
DA:272,0
LF:80
LH:56
BRDA:18,0,0,1
BRDA:18,0,1,2
BRDA:37,1,0,0
BRDA:37,1,1,0
BRDA:70,2,0,0
BRDA:70,2,1,1
BRDA:74,3,0,0
BRDA:74,3,1,1
BRDA:100,4,0,0
BRDA:100,4,1,1
BRDA:139,5,0,0
BRDA:139,5,1,1
BRDA:210,6,0,0
BRDA:210,6,1,1
BRDA:221,7,0,0
BRDA:221,7,1,1
BRDA:252,8,0,0
BRDA:252,8,1,0
BRF:18
BRH:8
end_of_record
TN:
SF:src\middleware\auth.middleware.ts
FN:4,(anonymous_1)
FNF:1
FNH:1
FNDA:12,(anonymous_1)
DA:2,13
DA:4,13
DA:9,12
DA:11,12
DA:12,5
DA:15,7
DA:17,7
DA:18,7
DA:24,5
DA:26,5
DA:27,0
DA:30,5
DA:32,2
LF:13
LH:12
BRDA:11,0,0,5
BRDA:11,0,1,7
BRDA:20,1,0,7
BRDA:20,1,1,7
BRDA:24,2,0,5
BRDA:24,2,1,1
BRDA:26,3,0,0
BRDA:26,3,1,5
BRF:8
BRH:7
end_of_record
TN:
SF:src\middleware\errorHandler.ts
FN:4,(anonymous_0)
FN:17,(anonymous_1)
FNF:2
FNH:2
FNDA:15,(anonymous_0)
FNDA:3,(anonymous_1)
DA:4,2
DA:10,15
DA:11,15
DA:12,15
DA:15,15
DA:16,2
DA:17,3
DA:21,15
DA:22,3
DA:23,3
DA:27,15
DA:28,4
DA:29,4
DA:30,4
DA:34,15
DA:35,2
DA:36,2
DA:39,15
DA:40,2
DA:41,2
DA:45,15
DA:46,1
DA:48,1
DA:49,1
DA:51,0
DA:56,15
DA:57,1
DA:58,1
DA:61,15
LF:29
LH:28
BRDA:10,0,0,15
BRDA:10,0,1,15
BRDA:11,1,0,15
BRDA:11,1,1,14
BRDA:12,2,0,15
BRDA:12,2,1,13
BRDA:15,3,0,2
BRDA:15,3,1,13
BRDA:21,4,0,3
BRDA:21,4,1,12
BRDA:27,5,0,4
BRDA:27,5,1,11
BRDA:34,6,0,2
BRDA:34,6,1,13
BRDA:39,7,0,2
BRDA:39,7,1,13
BRDA:45,8,0,1
BRDA:45,8,1,14
BRDA:48,9,0,1
BRDA:48,9,1,0
BRDA:51,10,0,0
BRDA:51,10,1,0
BRDA:56,11,0,1
BRDA:56,11,1,14
BRDA:65,12,0,0
BRDA:65,12,1,15
BRF:26
BRH:22
end_of_record
TN:
SF:src\middleware\multerWrapper.ts
FN:7,(anonymous_0)
FN:8,(anonymous_1)
FN:9,(anonymous_2)
FNF:3
FNH:3
FNDA:26,(anonymous_0)
FNDA:4,(anonymous_1)
FNDA:4,(anonymous_2)
DA:2,13
DA:7,13
DA:8,26
DA:9,4
DA:10,4
DA:11,1
DA:16,3
LF:7
LH:7
BRDA:10,0,0,1
BRDA:10,0,1,3
BRF:2
BRH:2
end_of_record
TN:
SF:src\middleware\role.middleware.ts
FN:3,(anonymous_0)
FNF:1
FNH:1
FNDA:2,(anonymous_0)
DA:3,1
DA:8,2
DA:9,1
DA:12,1
LF:4
LH:4
BRDA:8,0,0,1
BRDA:8,0,1,1
BRF:2
BRH:2
end_of_record
TN:
SF:src\middleware\upload.middleware.ts
FN:16,(anonymous_1)
FN:19,(anonymous_2)
FNF:2
FNH:0
FNDA:0,(anonymous_1)
FNDA:0,(anonymous_2)
DA:1,13
DA:2,13
DA:3,13
DA:5,13
DA:7,13
DA:8,0
DA:13,13
DA:17,0
DA:20,0
DA:21,0
DA:25,13
LF:11
LH:7
BRDA:7,0,0,0
BRDA:7,0,1,13
BRDA:13,1,0,13
BRDA:13,1,1,0
BRF:4
BRH:2
end_of_record
TN:
SF:src\middleware\validateRequest.ts
FN:5,(anonymous_0)
FNF:1
FNH:1
FNDA:11,(anonymous_0)
DA:2,13
DA:3,13
DA:5,13
DA:10,11
DA:11,11
DA:12,6
DA:14,5
LF:7
LH:7
BRDA:11,0,0,6
BRDA:11,0,1,5
BRF:2
BRH:2
end_of_record
TN:
SF:src\models\Project.ts
FNF:0
FNH:0
DA:1,13
DA:11,13
DA:44,13
LF:3
LH:3
BRDA:45,0,0,13
BRDA:45,0,1,13
BRF:2
BRH:2
end_of_record
TN:
SF:src\models\Task.ts
FN:3,(anonymous_1)
FNF:1
FNH:1
FNDA:18,(anonymous_1)
DA:1,18
DA:3,18
DA:4,18
DA:5,18
DA:6,18
DA:9,18
DA:28,18
DA:53,18
LF:8
LH:8
BRDA:3,0,0,18
BRDA:3,0,1,18
BRDA:53,1,0,18
BRDA:53,1,1,18
BRF:4
BRH:4
end_of_record
TN:
SF:src\models\User.ts
FN:52,(anonymous_1)
FN:62,(anonymous_2)
FN:72,(anonymous_3)
FNF:3
FNH:3
FNDA:20,(anonymous_1)
FNDA:1,(anonymous_2)
FNDA:1,(anonymous_3)
DA:1,14
DA:2,14
DA:3,14
DA:18,14
DA:52,14
DA:53,20
DA:55,19
DA:56,19
DA:62,14
DA:65,1
DA:66,1
DA:72,14
DA:73,1
DA:75,1
DA:77,1
DA:78,1
DA:80,1
DA:83,14
LF:18
LH:18
BRDA:53,0,0,1
BRDA:53,0,1,19
BRDA:83,1,0,14
BRDA:83,1,1,14
BRF:4
BRH:4
end_of_record
TN:
SF:src\routes\auth.routes.ts
FNF:0
FNH:0
DA:1,12
DA:2,12
DA:3,12
DA:4,12
DA:6,12
DA:8,12
DA:9,12
DA:10,12
DA:11,12
DA:12,12
DA:14,12
DA:21,12
LF:12
LH:12
BRF:0
BRH:0
end_of_record
TN:
SF:src\routes\health.routes.ts
FN:5,(anonymous_0)
FNF:1
FNH:1
FNDA:1,(anonymous_0)
DA:1,12
DA:3,12
DA:5,12
DA:6,1
DA:13,12
LF:5
LH:5
BRF:0
BRH:0
end_of_record
TN:
SF:src\routes\project.routes.ts
FN:7,(anonymous_0)
FN:16,(anonymous_1)
FNF:2
FNH:0
FNDA:0,(anonymous_0)
FNDA:0,(anonymous_1)
DA:1,12
DA:2,12
DA:3,12
DA:5,12
DA:7,12
DA:8,0
DA:10,0
DA:11,0
DA:13,0
DA:16,12
DA:17,0
DA:18,0
DA:20,0
DA:21,0
DA:23,0
DA:27,12
LF:16
LH:7
BRDA:17,0,0,0
BRDA:17,0,1,0
BRF:2
BRH:0
end_of_record
TN:
SF:src\routes\task.routes.ts
FNF:0
FNH:0
DA:1,12
DA:2,12
DA:3,12
DA:4,12
DA:6,12
DA:7,12
DA:9,12
DA:12,12
DA:15,12
DA:23,12
DA:25,12
DA:26,12
DA:27,12
DA:28,12
DA:31,12
DA:37,12
DA:39,12
LF:17
LH:17
BRF:0
BRH:0
end_of_record
TN:
SF:src\services\auth.service.ts
FN:13,(anonymous_1)
FN:38,(anonymous_2)
FN:61,(anonymous_3)
FN:74,(anonymous_4)
FN:92,(anonymous_5)
FNF:5
FNH:5
FNDA:5,(anonymous_1)
FNDA:5,(anonymous_2)
FNDA:2,(anonymous_3)
FNDA:2,(anonymous_4)
FNDA:2,(anonymous_5)
DA:1,12
DA:2,12
DA:3,12
DA:4,12
DA:9,12
DA:14,5
DA:16,5
DA:17,2
DA:20,3
DA:22,3
DA:28,3
DA:29,3
DA:31,3
DA:39,5
DA:41,5
DA:42,1
DA:45,4
DA:47,4
DA:48,2
DA:51,2
DA:52,2
DA:54,2
DA:62,2
DA:63,1
DA:66,1
DA:68,1
DA:70,1
DA:75,2
DA:77,2
DA:78,1
DA:81,1
DA:83,1
DA:84,1
DA:86,1
DA:88,1
DA:93,2
DA:98,2
DA:99,1
DA:102,1
DA:103,1
DA:104,1
DA:106,1
DA:108,1
DA:112,12
LF:44
LH:44
BRDA:16,0,0,2
BRDA:16,0,1,3
BRDA:23,1,0,3
BRDA:23,1,1,1
BRDA:41,2,0,1
BRDA:41,2,1,4
BRDA:47,3,0,2
BRDA:47,3,1,2
BRDA:62,4,0,1
BRDA:62,4,1,1
BRDA:77,5,0,1
BRDA:77,5,1,1
BRDA:98,6,0,1
BRDA:98,6,1,1
BRF:14
BRH:14
end_of_record
TN:
SF:src\services\csv.service.ts
FN:4,(anonymous_1)
FN:12,(anonymous_2)
FNF:2
FNH:2
FNDA:1,(anonymous_1)
FNDA:1,(anonymous_2)
DA:1,13
DA:2,13
DA:4,13
DA:5,1
DA:9,1
DA:11,1
DA:13,1
DA:19,1
LF:8
LH:8
BRDA:13,0,0,1
BRDA:13,0,1,0
BRDA:14,1,0,1
BRDA:14,1,1,0
BRF:4
BRH:2
end_of_record
TN:
SF:src\services\file.service.ts
FN:4,(anonymous_0)
FN:31,(anonymous_1)
FNF:2
FNH:2
FNDA:4,(anonymous_0)
FNDA:4,(anonymous_1)
DA:2,14
DA:4,14
DA:8,4
DA:10,4
DA:11,1
DA:15,3
DA:16,1
DA:19,3
DA:26,3
DA:28,3
DA:31,14
DA:32,4
DA:34,4
DA:35,1
DA:38,3
DA:39,1
DA:42,2
DA:44,2
DA:45,1
DA:48,1
LF:20
LH:20
BRDA:10,0,0,1
BRDA:10,0,1,3
BRDA:15,1,0,1
BRDA:15,1,1,2
BRDA:34,2,0,1
BRDA:34,2,1,3
BRDA:38,3,0,1
BRDA:38,3,1,2
BRDA:44,4,0,1
BRDA:44,4,1,1
BRF:10
BRH:10
end_of_record
TN:
SF:src\services\pdf.service.ts
FN:6,(anonymous_1)
FN:18,(anonymous_2)
FN:25,(anonymous_3)
FN:33,(anonymous_4)
FN:34,(anonymous_5)
FN:41,(anonymous_6)
FN:50,(anonymous_7)
FN:57,(anonymous_8)
FN:58,(anonymous_9)
FNF:9
FNH:8
FNDA:1,(anonymous_1)
FNDA:61,(anonymous_2)
FNDA:1,(anonymous_3)
FNDA:3,(anonymous_4)
FNDA:3,(anonymous_5)
FNDA:1,(anonymous_6)
FNDA:0,(anonymous_7)
FNDA:1,(anonymous_8)
FNDA:1,(anonymous_9)
DA:1,13
DA:2,13
DA:3,13
DA:6,13
DA:9,1
DA:11,1
DA:15,1
DA:16,1
DA:18,61
DA:21,1
DA:22,1
DA:24,1
DA:25,1
DA:27,1
DA:30,1
DA:31,1
DA:33,1
DA:34,3
DA:37,3
DA:40,1
DA:42,1
DA:47,1
DA:48,1
DA:50,1
DA:52,0
DA:55,1
DA:57,1
DA:58,1
DA:59,1
LF:29
LH:28
BRDA:42,0,0,1
BRDA:42,0,1,0
BRDA:42,0,2,0
BRF:3
BRH:1
end_of_record
TN:
SF:src\services\task.query.service.ts
FN:25,(anonymous_1)
FN:38,(anonymous_2)
FN:50,(anonymous_3)
FN:53,(anonymous_4)
FN:67,(anonymous_5)
FN:114,(anonymous_6)
FNF:6
FNH:5
FNDA:11,(anonymous_1)
FNDA:10,(anonymous_2)
FNDA:2,(anonymous_3)
FNDA:0,(anonymous_4)
FNDA:5,(anonymous_5)
FNDA:2,(anonymous_6)
DA:2,16
DA:3,16
DA:25,16
DA:26,11
DA:30,11
DA:31,11
DA:32,11
DA:33,11
DA:35,11
DA:38,16
DA:39,10
DA:40,10
DA:43,10
DA:50,16
DA:51,2
DA:53,16
DA:54,0
DA:55,0
DA:57,0
DA:58,0
DA:60,0
DA:61,0
DA:63,0
DA:67,16
DA:70,5
DA:71,5
DA:73,5
DA:74,0
DA:76,5
DA:77,0
DA:80,5
DA:81,5
DA:82,5
DA:83,5
DA:85,5
DA:86,5
DA:89,5
DA:90,1
DA:97,4
DA:98,4
DA:100,4
DA:102,4
DA:114,16
DA:117,2
DA:119,2
DA:120,0
DA:123,2
DA:124,2
DA:125,2
DA:127,2
DA:128,2
DA:130,2
DA:133,0
DA:134,0
DA:136,0
DA:139,0
DA:141,0
DA:142,0
DA:145,0
DA:146,0
DA:152,0
DA:158,2
DA:162,2
DA:163,2
DA:165,2
DA:167,2
DA:174,2
LF:67
LH:48
BRDA:30,0,0,1
BRDA:30,0,1,10
BRDA:31,1,0,2
BRDA:31,1,1,9
BRDA:32,2,0,1
BRDA:32,2,1,10
BRDA:33,3,0,0
BRDA:33,3,1,11
BRDA:39,4,0,10
BRDA:39,4,1,1
BRDA:40,5,0,1
BRDA:40,5,1,9
BRDA:57,6,0,0
BRDA:57,6,1,0
BRDA:57,7,0,0
BRDA:57,7,1,0
BRDA:60,8,0,0
BRDA:60,8,1,0
BRDA:60,9,0,0
BRDA:60,9,1,0
BRDA:70,10,0,5
BRDA:70,10,1,0
BRDA:71,11,0,5
BRDA:71,11,1,0
BRDA:73,12,0,0
BRDA:73,12,1,5
BRDA:73,13,0,5
BRDA:73,13,1,5
BRDA:76,14,0,0
BRDA:76,14,1,5
BRDA:76,15,0,5
BRDA:76,15,1,5
BRDA:81,16,0,5
BRDA:81,16,1,5
BRDA:82,17,0,5
BRDA:82,17,1,5
BRDA:86,18,0,1
BRDA:86,18,1,4
BRDA:89,19,0,1
BRDA:89,19,1,4
BRDA:89,20,0,5
BRDA:89,20,1,4
BRDA:117,21,0,2
BRDA:117,21,1,0
BRDA:119,22,0,0
BRDA:119,22,1,2
BRDA:119,23,0,2
BRDA:119,23,1,2
BRDA:123,24,0,2
BRDA:123,24,1,2
BRDA:124,25,0,2
BRDA:124,25,1,2
BRDA:125,26,0,0
BRDA:125,26,1,2
BRDA:130,27,0,0
BRDA:130,27,1,2
BRDA:141,28,0,0
BRDA:141,28,1,0
BRDA:146,29,0,0
BRDA:146,29,1,0
BRDA:163,30,0,1
BRDA:163,30,1,1
BRDA:165,31,0,2
BRDA:165,31,1,0
BRDA:167,32,0,2
BRDA:167,32,1,0
BRF:66
BRH:43
end_of_record
TN:
SF:src\services\task.service.ts
FN:3,(anonymous_0)
FN:6,(anonymous_1)
FN:10,(anonymous_2)
FN:19,(anonymous_3)
FN:30,(anonymous_4)
FN:41,(anonymous_5)
FNF:6
FNH:6
FNDA:2,(anonymous_0)
FNDA:3,(anonymous_1)
FNDA:2,(anonymous_2)
FNDA:3,(anonymous_3)
FNDA:2,(anonymous_4)
FNDA:3,(anonymous_5)
DA:1,14
DA:3,14
DA:4,2
DA:6,14
DA:7,3
DA:10,14
DA:11,2
DA:19,14
DA:20,3
DA:22,3
DA:24,2
DA:25,2
DA:27,2
DA:30,14
DA:31,2
DA:33,2
DA:35,2
DA:36,2
DA:38,2
DA:41,14
DA:42,3
DA:44,3
DA:46,2
DA:47,2
DA:49,2
LF:25
LH:25
BRDA:22,0,0,1
BRDA:22,0,1,2
BRDA:33,1,0,0
BRDA:33,1,1,2
BRDA:44,2,0,1
BRDA:44,2,1,2
BRF:6
BRH:5
end_of_record
TN:
SF:src\utils\AppError.ts
FN:5,(anonymous_0)
FNF:1
FNH:1
FNDA:16,(anonymous_0)
DA:1,15
DA:6,16
DA:7,16
DA:8,16
DA:10,16
LF:5
LH:5
BRF:0
BRH:0
end_of_record
TN:
SF:src\utils\formatDate.ts
FN:1,(anonymous_0)
FNF:1
FNH:1
FNDA:1,(anonymous_0)
DA:1,1
DA:2,1
LF:2
LH:2
BRF:0
BRH:0
end_of_record
TN:
SF:src\utils\jwt.ts
FN:7,(anonymous_1)
FN:11,(anonymous_2)
FN:15,(anonymous_3)
FN:19,(anonymous_4)
FNF:4
FNH:3
FNDA:7,(anonymous_1)
FNDA:3,(anonymous_2)
FNDA:1,(anonymous_3)
FNDA:0,(anonymous_4)
DA:2,14
DA:4,14
DA:5,14
DA:7,14
DA:8,7
DA:11,14
DA:12,3
DA:15,14
DA:16,1
DA:19,14
DA:20,0
LF:11
LH:10
BRDA:4,0,0,14
BRDA:4,0,1,14
BRDA:5,1,0,14
BRDA:5,1,1,14
BRF:4
BRH:4
end_of_record
TN:
SF:src\validators\task.validators.ts
FN:11,(anonymous_1)
FN:16,(anonymous_2)
FN:24,(anonymous_3)
FN:36,(anonymous_4)
FNF:4
FNH:4
FNDA:9,(anonymous_1)
FNDA:9,(anonymous_2)
FNDA:9,(anonymous_3)
FNDA:2,(anonymous_4)
DA:1,12
DA:2,12
DA:3,12
DA:6,12
DA:11,9
DA:16,9
DA:24,9
DA:36,2
LF:8
LH:8
BRF:0
BRH:0
end_of_record
