TN:
SF:src\app.ts
FNF:0
FNH:0
DA:1,5
DA:2,5
DA:3,5
DA:4,5
DA:5,5
DA:7,5
DA:9,5
DA:12,5
DA:13,5
DA:14,5
DA:16,5
DA:18,5
LF:12
LH:12
BRF:0
BRH:0
end_of_record
TN:
SF:src\controllers\auth.controller.ts
FN:4,(anonymous_1)
FN:17,(anonymous_2)
FNF:2
FNH:2
FNDA:2,(anonymous_1)
FNDA:2,(anonymous_2)
DA:2,5
DA:4,5
DA:9,2
DA:10,2
DA:11,1
DA:13,1
DA:17,5
DA:22,2
DA:23,2
DA:24,1
DA:26,1
LF:11
LH:11
BRF:0
BRH:0
end_of_record
TN:
SF:src\controllers\task.controller.ts
FN:7,(anonymous_9)
FN:24,(anonymous_10)
FN:46,(anonymous_11)
FN:68,(anonymous_12)
FN:94,(anonymous_13)
FN:114,(anonymous_14)
FNF:6
FNH:6
FNDA:1,(anonymous_9)
FNDA:1,(anonymous_10)
FNDA:1,(anonymous_11)
FNDA:1,(anonymous_12)
FNDA:1,(anonymous_13)
FNDA:2,(anonymous_14)
DA:2,5
DA:7,5
DA:8,1
DA:9,1
DA:11,1
DA:16,0
DA:24,5
DA:28,1
DA:29,1
DA:31,1
DA:33,1
DA:38,0
DA:46,5
DA:50,1
DA:51,1
DA:53,1
DA:55,1
DA:60,0
DA:68,5
DA:72,1
DA:73,1
DA:74,1
DA:76,1
DA:81,1
DA:86,0
DA:94,5
DA:98,1
DA:99,1
DA:101,1
DA:103,1
DA:108,0
DA:114,5
DA:115,2
DA:116,2
DA:118,2
DA:123,0
LF:36
LH:30
BRF:0
BRH:0
end_of_record
TN:
SF:src\middleware\auth.middleware.ts
FN:4,(anonymous_1)
FNF:1
FNH:1
FNDA:8,(anonymous_1)
DA:2,6
DA:4,6
DA:9,8
DA:11,8
DA:12,3
DA:15,5
DA:17,5
DA:18,5
DA:23,3
DA:25,3
DA:27,2
LF:11
LH:11
BRDA:11,0,0,3
BRDA:11,0,1,5
BRDA:20,1,0,5
BRDA:20,1,1,5
BRF:4
BRH:4
end_of_record
TN:
SF:src\middleware\errorHandler.ts
FN:3,(anonymous_0)
FNF:1
FNH:1
FNDA:5,(anonymous_0)
DA:3,6
DA:9,5
DA:11,5
LF:3
LH:3
BRDA:9,0,0,5
BRDA:9,0,1,4
BRDA:13,1,0,5
BRDA:13,1,1,1
BRF:4
BRH:4
end_of_record
TN:
SF:src\middleware\role.middleware.ts
FN:3,(anonymous_0)
FNF:1
FNH:1
FNDA:2,(anonymous_0)
DA:3,1
DA:8,2
DA:9,1
DA:12,1
LF:4
LH:4
BRDA:8,0,0,1
BRDA:8,0,1,1
BRF:2
BRH:2
end_of_record
TN:
SF:src\models\Project.ts
FNF:0
FNH:0
DA:1,1
DA:11,1
DA:44,1
LF:3
LH:3
BRDA:45,0,0,1
BRDA:45,0,1,1
BRF:2
BRH:2
end_of_record
TN:
SF:src\models\Task.ts
FN:3,(anonymous_1)
FNF:1
FNH:1
FNDA:6,(anonymous_1)
DA:1,6
DA:3,6
DA:4,6
DA:5,6
DA:6,6
DA:19,6
DA:36,6
LF:7
LH:7
BRDA:3,0,0,6
BRDA:3,0,1,6
BRDA:37,1,0,6
BRDA:37,1,1,6
BRF:4
BRH:4
end_of_record
TN:
SF:src\models\User.ts
FN:52,(anonymous_1)
FN:62,(anonymous_2)
FN:72,(anonymous_3)
FNF:3
FNH:3
FNDA:17,(anonymous_1)
FNDA:1,(anonymous_2)
FNDA:1,(anonymous_3)
DA:1,7
DA:2,7
DA:3,7
DA:18,7
DA:52,7
DA:53,17
DA:55,17
DA:56,17
DA:62,7
DA:65,1
DA:66,1
DA:72,7
DA:73,1
DA:75,1
DA:77,1
DA:78,1
DA:80,1
DA:83,7
LF:18
LH:18
BRDA:53,0,0,0
BRDA:53,0,1,17
BRDA:83,1,0,7
BRDA:83,1,1,7
BRF:4
BRH:3
end_of_record
TN:
SF:src\routes\auth.routes.ts
FNF:0
FNH:0
DA:1,5
DA:2,5
DA:4,5
DA:6,5
DA:7,5
DA:9,5
LF:6
LH:6
BRF:0
BRH:0
end_of_record
TN:
SF:src\routes\health.routes.ts
FN:5,(anonymous_0)
FNF:1
FNH:1
FNDA:1,(anonymous_0)
DA:1,5
DA:3,5
DA:5,5
DA:6,1
DA:13,5
LF:5
LH:5
BRF:0
BRH:0
end_of_record
TN:
SF:src\routes\task.routes.ts
FNF:0
FNH:0
DA:1,5
DA:2,5
DA:3,5
DA:5,5
DA:8,5
DA:11,5
DA:12,5
DA:13,5
DA:14,5
DA:15,5
DA:17,5
LF:11
LH:11
BRF:0
BRH:0
end_of_record
TN:
SF:src\services\auth.service.ts
FN:6,(anonymous_1)
FN:17,(anonymous_2)
FNF:2
FNH:2
FNDA:4,(anonymous_1)
FNDA:5,(anonymous_2)
DA:1,6
DA:2,6
DA:3,6
DA:7,4
DA:8,4
DA:10,2
DA:12,2
DA:14,2
DA:18,5
DA:19,5
DA:21,4
DA:22,4
DA:24,2
DA:26,2
DA:30,6
LF:15
LH:15
BRDA:8,0,0,2
BRDA:8,0,1,2
BRDA:19,1,0,1
BRDA:19,1,1,4
BRDA:22,2,0,2
BRDA:22,2,1,2
BRF:6
BRH:6
end_of_record
TN:
SF:src\services\task.service.ts
FN:3,(anonymous_0)
FN:6,(anonymous_1)
FN:10,(anonymous_2)
FN:19,(anonymous_3)
FN:30,(anonymous_4)
FN:41,(anonymous_5)
FNF:6
FNH:6
FNDA:2,(anonymous_0)
FNDA:2,(anonymous_1)
FNDA:2,(anonymous_2)
FNDA:3,(anonymous_3)
FNDA:2,(anonymous_4)
FNDA:3,(anonymous_5)
DA:1,6
DA:3,6
DA:4,2
DA:6,6
DA:7,2
DA:10,6
DA:11,2
DA:19,6
DA:20,3
DA:22,3
DA:24,2
DA:25,2
DA:27,2
DA:30,6
DA:31,2
DA:33,2
DA:35,2
DA:36,2
DA:38,2
DA:41,6
DA:42,3
DA:44,3
DA:46,2
DA:47,2
DA:49,2
LF:25
LH:25
BRDA:22,0,0,1
BRDA:22,0,1,2
BRDA:33,1,0,0
BRDA:33,1,1,2
BRDA:44,2,0,1
BRDA:44,2,1,2
BRF:6
BRH:5
end_of_record
TN:
SF:src\utils\formatDate.ts
FN:1,(anonymous_0)
FNF:1
FNH:1
FNDA:1,(anonymous_0)
DA:1,1
DA:2,1
LF:2
LH:2
BRF:0
BRH:0
end_of_record
TN:
SF:src\utils\jwt.ts
FN:8,(anonymous_1)
FN:19,(anonymous_2)
FNF:2
FNH:2
FNDA:8,(anonymous_1)
FNDA:2,(anonymous_2)
DA:1,8
DA:3,8
DA:8,8
DA:9,8
DA:19,8
DA:20,2
LF:6
LH:6
BRDA:3,0,0,8
BRDA:3,0,1,8
BRF:2
BRH:2
end_of_record
